[07-Sep-2017 17:37:08 UTC] PHP Parse error:  syntax error, unexpected ';' in /home/ubuntu/workspace/jstien/practice/randomBgColor.php on line 16
[07-Sep-2017 17:37:09 UTC] PHP Parse error:  syntax error, unexpected ';' in /home/ubuntu/workspace/jstien/practice/randomBgColor.php on line 16
[07-Sep-2017 17:37:46 UTC] PHP Parse error:  syntax error, unexpected ')' in /home/ubuntu/workspace/jstien/practice/randomBgColor.php on line 16
[07-Sep-2017 17:37:47 UTC] PHP Parse error:  syntax error, unexpected ')' in /home/ubuntu/workspace/jstien/practice/randomBgColor.php on line 16
[07-Sep-2017 17:37:49 UTC] PHP Parse error:  syntax error, unexpected ')' in /home/ubuntu/workspace/jstien/practice/randomBgColor.php on line 16
[07-Sep-2017 18:00:52 UTC] PHP Parse error:  syntax error, unexpected '";"' (T_CONSTANT_ENCAPSED_STRING), expecting ',' or ';' in /home/ubuntu/workspace/jstien/practice/randomBgColor.php on line 61
[07-Sep-2017 18:00:53 UTC] PHP Parse error:  syntax error, unexpected '";"' (T_CONSTANT_ENCAPSED_STRING), expecting ',' or ';' in /home/ubuntu/workspace/jstien/practice/randomBgColor.php on line 61
[07-Sep-2017 18:00:53 UTC] PHP Parse error:  syntax error, unexpected '";"' (T_CONSTANT_ENCAPSED_STRING), expecting ',' or ';' in /home/ubuntu/workspace/jstien/practice/randomBgColor.php on line 61
[12-Sep-2017 18:22:05 UTC] PHP Warning:  array_pop() expects exactly 1 parameter, 0 given in /home/ubuntu/workspace/jstien/practice/arrays.php on line 41
[12-Sep-2017 18:22:05 UTC] PHP Stack trace:
[12-Sep-2017 18:22:05 UTC] PHP   1. {main}() /home/ubuntu/workspace/jstien/practice/arrays.php:0
[12-Sep-2017 18:22:05 UTC] PHP   2. array_pop() /home/ubuntu/workspace/jstien/practice/arrays.php:41
[10-Oct-2017 18:06:03 UTC] PHP Fatal error:  Uncaught exception 'PDOException' with message 'SQLSTATE[42000]: Syntax error or access violation: 1065 Query was empty' in /home/ubuntu/workspace/jstien/practice/joins.php:29
Stack trace:
#0 /home/ubuntu/workspace/jstien/practice/joins.php(29): PDOStatement->execute()
#1 {main}
  thrown in /home/ubuntu/workspace/jstien/practice/joins.php on line 29
[10-Oct-2017 18:08:29 UTC] PHP Fatal error:  Uncaught exception 'PDOException' with message 'SQLSTATE[42000]: Syntax error or access violation: 1065 Query was empty' in /home/ubuntu/workspace/jstien/practice/joins.php:29
Stack trace:
#0 /home/ubuntu/workspace/jstien/practice/joins.php(29): PDOStatement->execute()
#1 {main}
  thrown in /home/ubuntu/workspace/jstien/practice/joins.php on line 29
[10-Oct-2017 18:08:30 UTC] PHP Fatal error:  Uncaught exception 'PDOException' with message 'SQLSTATE[42000]: Syntax error or access violation: 1065 Query was empty' in /home/ubuntu/workspace/jstien/practice/joins.php:29
Stack trace:
#0 /home/ubuntu/workspace/jstien/practice/joins.php(29): PDOStatement->execute()
#1 {main}
  thrown in /home/ubuntu/workspace/jstien/practice/joins.php on line 29
[10-Oct-2017 18:24:48 UTC] PHP Fatal error:  Uncaught exception 'PDOException' with message 'SQLSTATE[42000]: Syntax error or access violation: 1064 You have an error in your SQL syntax; check the manual that corresponds to your MySQL server version for the right syntax to use near '= 'Reflection'' at line 6' in /home/ubuntu/workspace/jstien/practice/joins.php:29
Stack trace:
#0 /home/ubuntu/workspace/jstien/practice/joins.php(29): PDOStatement->execute()
#1 /home/ubuntu/workspace/jstien/practice/joins.php(75): displayReflectionQuotes()
#2 {main}
  thrown in /home/ubuntu/workspace/jstien/practice/joins.php on line 29
[10-Oct-2017 18:25:09 UTC] PHP Fatal error:  Uncaught exception 'PDOException' with message 'SQLSTATE[42000]: Syntax error or access violation: 1064 You have an error in your SQL syntax; check the manual that corresponds to your MySQL server version for the right syntax to use near '= 'Reflection'' at line 6' in /home/ubuntu/workspace/jstien/practice/joins.php:29
Stack trace:
#0 /home/ubuntu/workspace/jstien/practice/joins.php(29): PDOStatement->execute()
#1 /home/ubuntu/workspace/jstien/practice/joins.php(75): displayReflectionQuotes()
#2 {main}
  thrown in /home/ubuntu/workspace/jstien/practice/joins.php on line 29
[10-Oct-2017 18:25:48 UTC] PHP Fatal error:  Uncaught exception 'PDOException' with message 'SQLSTATE[42000]: Syntax error or access violation: 1064 You have an error in your SQL syntax; check the manual that corresponds to your MySQL server version for the right syntax to use near '= 'Reflection'' at line 6' in /home/ubuntu/workspace/jstien/practice/joins.php:29
Stack trace:
#0 /home/ubuntu/workspace/jstien/practice/joins.php(29): PDOStatement->execute()
#1 /home/ubuntu/workspace/jstien/practice/joins.php(75): displayReflectionQuotes()
#2 {main}
  thrown in /home/ubuntu/workspace/jstien/practice/joins.php on line 29
[10-Oct-2017 18:25:49 UTC] PHP Fatal error:  Uncaught exception 'PDOException' with message 'SQLSTATE[42000]: Syntax error or access violation: 1064 You have an error in your SQL syntax; check the manual that corresponds to your MySQL server version for the right syntax to use near '= 'Reflection'' at line 6' in /home/ubuntu/workspace/jstien/practice/joins.php:29
Stack trace:
#0 /home/ubuntu/workspace/jstien/practice/joins.php(29): PDOStatement->execute()
#1 /home/ubuntu/workspace/jstien/practice/joins.php(75): displayReflectionQuotes()
#2 {main}
  thrown in /home/ubuntu/workspace/jstien/practice/joins.php on line 29
[10-Oct-2017 18:28:46 UTC] PHP Fatal error:  Uncaught exception 'PDOException' with message 'SQLSTATE[42000]: Syntax error or access violation: 1064 You have an error in your SQL syntax; check the manual that corresponds to your MySQL server version for the right syntax to use near '= 'Reflection'' at line 6' in /home/ubuntu/workspace/jstien/practice/joins.php:29
Stack trace:
#0 /home/ubuntu/workspace/jstien/practice/joins.php(29): PDOStatement->execute()
#1 /home/ubuntu/workspace/jstien/practice/joins.php(74): displayReflectionQuotes()
#2 {main}
  thrown in /home/ubuntu/workspace/jstien/practice/joins.php on line 29
[10-Oct-2017 18:28:47 UTC] PHP Fatal error:  Uncaught exception 'PDOException' with message 'SQLSTATE[42000]: Syntax error or access violation: 1064 You have an error in your SQL syntax; check the manual that corresponds to your MySQL server version for the right syntax to use near '= 'Reflection'' at line 6' in /home/ubuntu/workspace/jstien/practice/joins.php:29
Stack trace:
#0 /home/ubuntu/workspace/jstien/practice/joins.php(29): PDOStatement->execute()
#1 /home/ubuntu/workspace/jstien/practice/joins.php(74): displayReflectionQuotes()
#2 {main}
  thrown in /home/ubuntu/workspace/jstien/practice/joins.php on line 29
[10-Oct-2017 18:32:14 UTC] PHP Fatal error:  Uncaught exception 'PDOException' with message 'SQLSTATE[42000]: Syntax error or access violation: 1064 You have an error in your SQL syntax; check the manual that corresponds to your MySQL server version for the right syntax to use near '= 'Reflection'' at line 6' in /home/ubuntu/workspace/jstien/practice/joins.php:29
Stack trace:
#0 /home/ubuntu/workspace/jstien/practice/joins.php(29): PDOStatement->execute()
#1 /home/ubuntu/workspace/jstien/practice/joins.php(77): displayReflectionQuotes()
#2 {main}
  thrown in /home/ubuntu/workspace/jstien/practice/joins.php on line 29
[10-Oct-2017 18:32:16 UTC] PHP Fatal error:  Uncaught exception 'PDOException' with message 'SQLSTATE[42000]: Syntax error or access violation: 1064 You have an error in your SQL syntax; check the manual that corresponds to your MySQL server version for the right syntax to use near '= 'Reflection'' at line 6' in /home/ubuntu/workspace/jstien/practice/joins.php:29
Stack trace:
#0 /home/ubuntu/workspace/jstien/practice/joins.php(29): PDOStatement->execute()
#1 /home/ubuntu/workspace/jstien/practice/joins.php(77): displayReflectionQuotes()
#2 {main}
  thrown in /home/ubuntu/workspace/jstien/practice/joins.php on line 29
[15-Oct-2017 00:47:36 UTC] PHP Fatal error:  Uncaught exception 'PDOException' with message 'SQLSTATE[42000]: Syntax error or access violation: 1064 You have an error in your SQL syntax; check the manual that corresponds to your MySQL server version for the right syntax to use near '= 'Reflection'' at line 6' in /home/ubuntu/workspace/jstien/practice/joins.php:29
Stack trace:
#0 /home/ubuntu/workspace/jstien/practice/joins.php(29): PDOStatement->execute()
#1 /home/ubuntu/workspace/jstien/practice/joins.php(77): displayReflectionQuotes()
#2 {main}
  thrown in /home/ubuntu/workspace/jstien/practice/joins.php on line 29
[29-Nov-2017 06:53:09 UTC] PHP Warning:  include(../includes/dbConnection.php): failed to open stream: No such file or directory in /home/ubuntu/workspace/jstien/finalprojectHmmm/loginProcess.php on line 3
[29-Nov-2017 06:53:09 UTC] PHP Stack trace:
[29-Nov-2017 06:53:09 UTC] PHP   1. {main}() /home/ubuntu/workspace/jstien/finalprojectHmmm/loginProcess.php:0
[29-Nov-2017 06:53:09 UTC] PHP Warning:  include(): Failed opening '../includes/dbConnection.php' for inclusion (include_path='.:/usr/share/php:/usr/share/pear') in /home/ubuntu/workspace/jstien/finalprojectHmmm/loginProcess.php on line 3
[29-Nov-2017 06:53:09 UTC] PHP Stack trace:
[29-Nov-2017 06:53:09 UTC] PHP   1. {main}() /home/ubuntu/workspace/jstien/finalprojectHmmm/loginProcess.php:0
[29-Nov-2017 06:53:09 UTC] PHP Fatal error:  Call to undefined function getDBConnection() in /home/ubuntu/workspace/jstien/finalprojectHmmm/loginProcess.php on line 4
[29-Nov-2017 06:53:09 UTC] PHP Stack trace:
[29-Nov-2017 06:53:09 UTC] PHP   1. {main}() /home/ubuntu/workspace/jstien/finalprojectHmmm/loginProcess.php:0
[29-Nov-2017 06:53:36 UTC] PHP Warning:  include(../includes/dbConnection.php): failed to open stream: No such file or directory in /home/ubuntu/workspace/jstien/finalprojectHmmm/movieSearch.php on line 9
[29-Nov-2017 06:53:36 UTC] PHP Stack trace:
[29-Nov-2017 06:53:36 UTC] PHP   1. {main}() /home/ubuntu/workspace/jstien/finalprojectHmmm/movieSearch.php:0
[29-Nov-2017 06:53:36 UTC] PHP Warning:  include(): Failed opening '../includes/dbConnection.php' for inclusion (include_path='.:/usr/share/php:/usr/share/pear') in /home/ubuntu/workspace/jstien/finalprojectHmmm/movieSearch.php on line 9
[29-Nov-2017 06:53:36 UTC] PHP Stack trace:
[29-Nov-2017 06:53:36 UTC] PHP   1. {main}() /home/ubuntu/workspace/jstien/finalprojectHmmm/movieSearch.php:0
[29-Nov-2017 06:53:36 UTC] PHP Fatal error:  Call to undefined function getdbConnection() in /home/ubuntu/workspace/jstien/finalprojectHmmm/movieSearch.php on line 10
[29-Nov-2017 06:53:36 UTC] PHP Stack trace:
[29-Nov-2017 06:53:36 UTC] PHP   1. {main}() /home/ubuntu/workspace/jstien/finalprojectHmmm/movieSearch.php:0
[29-Nov-2017 06:53:39 UTC] PHP Warning:  include(../includes/dbConnection.php): failed to open stream: No such file or directory in /home/ubuntu/workspace/jstien/finalprojectHmmm/movieSearch.php on line 9
[29-Nov-2017 06:53:39 UTC] PHP Stack trace:
[29-Nov-2017 06:53:39 UTC] PHP   1. {main}() /home/ubuntu/workspace/jstien/finalprojectHmmm/movieSearch.php:0
[29-Nov-2017 06:53:39 UTC] PHP Warning:  include(): Failed opening '../includes/dbConnection.php' for inclusion (include_path='.:/usr/share/php:/usr/share/pear') in /home/ubuntu/workspace/jstien/finalprojectHmmm/movieSearch.php on line 9
[29-Nov-2017 06:53:39 UTC] PHP Stack trace:
[29-Nov-2017 06:53:39 UTC] PHP   1. {main}() /home/ubuntu/workspace/jstien/finalprojectHmmm/movieSearch.php:0
[29-Nov-2017 06:53:39 UTC] PHP Fatal error:  Call to undefined function getdbConnection() in /home/ubuntu/workspace/jstien/finalprojectHmmm/movieSearch.php on line 10
[29-Nov-2017 06:53:39 UTC] PHP Stack trace:
[29-Nov-2017 06:53:39 UTC] PHP   1. {main}() /home/ubuntu/workspace/jstien/finalprojectHmmm/movieSearch.php:0
[30-Nov-2017 21:16:08 UTC] PHP Warning:  include(db.php): failed to open stream: No such file or directory in /home/ubuntu/workspace/jstien/finalproject/admin.php on line 2
[30-Nov-2017 21:16:08 UTC] PHP Stack trace:
[30-Nov-2017 21:16:08 UTC] PHP   1. {main}() /home/ubuntu/workspace/jstien/finalproject/admin.php:0
[30-Nov-2017 21:16:08 UTC] PHP Warning:  include(): Failed opening 'db.php' for inclusion (include_path='.:/usr/share/php:/usr/share/pear') in /home/ubuntu/workspace/jstien/finalproject/admin.php on line 2
[30-Nov-2017 21:16:08 UTC] PHP Stack trace:
[30-Nov-2017 21:16:08 UTC] PHP   1. {main}() /home/ubuntu/workspace/jstien/finalproject/admin.php:0
[30-Nov-2017 21:16:08 UTC] PHP Fatal error:  Call to undefined function getDB() in /home/ubuntu/workspace/jstien/finalproject/admin.php on line 3
[30-Nov-2017 21:16:08 UTC] PHP Stack trace:
[30-Nov-2017 21:16:08 UTC] PHP   1. {main}() /home/ubuntu/workspace/jstien/finalproject/admin.php:0
[30-Nov-2017 21:21:15 UTC] PHP Warning:  include(dbConnection.php): failed to open stream: No such file or directory in /home/ubuntu/workspace/jstien/finalproject/admin.php on line 2
[30-Nov-2017 21:21:15 UTC] PHP Stack trace:
[30-Nov-2017 21:21:15 UTC] PHP   1. {main}() /home/ubuntu/workspace/jstien/finalproject/admin.php:0
[30-Nov-2017 21:21:15 UTC] PHP Warning:  include(): Failed opening 'dbConnection.php' for inclusion (include_path='.:/usr/share/php:/usr/share/pear') in /home/ubuntu/workspace/jstien/finalproject/admin.php on line 2
[30-Nov-2017 21:21:15 UTC] PHP Stack trace:
[30-Nov-2017 21:21:15 UTC] PHP   1. {main}() /home/ubuntu/workspace/jstien/finalproject/admin.php:0
[30-Nov-2017 21:21:15 UTC] PHP Fatal error:  Call to undefined function getDB() in /home/ubuntu/workspace/jstien/finalproject/admin.php on line 3
[30-Nov-2017 21:21:15 UTC] PHP Stack trace:
[30-Nov-2017 21:21:15 UTC] PHP   1. {main}() /home/ubuntu/workspace/jstien/finalproject/admin.php:0
[30-Nov-2017 21:21:32 UTC] PHP Warning:  include(dbConnection.php): failed to open stream: No such file or directory in /home/ubuntu/workspace/jstien/finalproject/admin.php on line 2
[30-Nov-2017 21:21:32 UTC] PHP Stack trace:
[30-Nov-2017 21:21:32 UTC] PHP   1. {main}() /home/ubuntu/workspace/jstien/finalproject/admin.php:0
[30-Nov-2017 21:21:32 UTC] PHP Warning:  include(): Failed opening 'dbConnection.php' for inclusion (include_path='.:/usr/share/php:/usr/share/pear') in /home/ubuntu/workspace/jstien/finalproject/admin.php on line 2
[30-Nov-2017 21:21:32 UTC] PHP Stack trace:
[30-Nov-2017 21:21:32 UTC] PHP   1. {main}() /home/ubuntu/workspace/jstien/finalproject/admin.php:0
[30-Nov-2017 21:21:32 UTC] PHP Fatal error:  Call to undefined function getDB() in /home/ubuntu/workspace/jstien/finalproject/admin.php on line 3
[30-Nov-2017 21:21:32 UTC] PHP Stack trace:
[30-Nov-2017 21:21:32 UTC] PHP   1. {main}() /home/ubuntu/workspace/jstien/finalproject/admin.php:0
[30-Nov-2017 21:49:56 UTC] PHP Warning:  include(../../dbConnectionFinalProject.php): failed to open stream: No such file or directory in /home/ubuntu/workspace/jstien/finalproject/admin.php on line 14
[30-Nov-2017 21:49:56 UTC] PHP Stack trace:
[30-Nov-2017 21:49:56 UTC] PHP   1. {main}() /home/ubuntu/workspace/jstien/finalproject/admin.php:0
[30-Nov-2017 21:49:56 UTC] PHP   2. authorList() /home/ubuntu/workspace/jstien/finalproject/admin.php:46
[30-Nov-2017 21:49:56 UTC] PHP Warning:  include(): Failed opening '../../dbConnectionFinalProject.php' for inclusion (include_path='.:/usr/share/php:/usr/share/pear') in /home/ubuntu/workspace/jstien/finalproject/admin.php on line 14
[30-Nov-2017 21:49:56 UTC] PHP Stack trace:
[30-Nov-2017 21:49:56 UTC] PHP   1. {main}() /home/ubuntu/workspace/jstien/finalproject/admin.php:0
[30-Nov-2017 21:49:56 UTC] PHP   2. authorList() /home/ubuntu/workspace/jstien/finalproject/admin.php:46
[30-Nov-2017 21:49:56 UTC] PHP Fatal error:  Call to undefined function getDatabaseConnection() in /home/ubuntu/workspace/jstien/finalproject/admin.php on line 15
[30-Nov-2017 21:49:56 UTC] PHP Stack trace:
[30-Nov-2017 21:49:56 UTC] PHP   1. {main}() /home/ubuntu/workspace/jstien/finalproject/admin.php:0
[30-Nov-2017 21:49:56 UTC] PHP   2. authorList() /home/ubuntu/workspace/jstien/finalproject/admin.php:46
[30-Nov-2017 21:50:12 UTC] PHP Warning:  include(../../dbConnectionFinalProject.php): failed to open stream: No such file or directory in /home/ubuntu/workspace/jstien/finalproject/admin.php on line 14
[30-Nov-2017 21:50:12 UTC] PHP Stack trace:
[30-Nov-2017 21:50:12 UTC] PHP   1. {main}() /home/ubuntu/workspace/jstien/finalproject/admin.php:0
[30-Nov-2017 21:50:12 UTC] PHP   2. authorList() /home/ubuntu/workspace/jstien/finalproject/admin.php:46
[30-Nov-2017 21:50:12 UTC] PHP Warning:  include(): Failed opening '../../dbConnectionFinalProject.php' for inclusion (include_path='.:/usr/share/php:/usr/share/pear') in /home/ubuntu/workspace/jstien/finalproject/admin.php on line 14
[30-Nov-2017 21:50:12 UTC] PHP Stack trace:
[30-Nov-2017 21:50:12 UTC] PHP   1. {main}() /home/ubuntu/workspace/jstien/finalproject/admin.php:0
[30-Nov-2017 21:50:12 UTC] PHP   2. authorList() /home/ubuntu/workspace/jstien/finalproject/admin.php:46
[30-Nov-2017 21:50:12 UTC] PHP Fatal error:  Call to undefined function getDatabaseConnection() in /home/ubuntu/workspace/jstien/finalproject/admin.php on line 15
[30-Nov-2017 21:50:12 UTC] PHP Stack trace:
[30-Nov-2017 21:50:12 UTC] PHP   1. {main}() /home/ubuntu/workspace/jstien/finalproject/admin.php:0
[30-Nov-2017 21:50:12 UTC] PHP   2. authorList() /home/ubuntu/workspace/jstien/finalproject/admin.php:46
[30-Nov-2017 21:50:14 UTC] PHP Warning:  include(../../dbConnectionFinalProject.php): failed to open stream: No such file or directory in /home/ubuntu/workspace/jstien/finalproject/admin.php on line 14
[30-Nov-2017 21:50:14 UTC] PHP Stack trace:
[30-Nov-2017 21:50:14 UTC] PHP   1. {main}() /home/ubuntu/workspace/jstien/finalproject/admin.php:0
[30-Nov-2017 21:50:14 UTC] PHP   2. authorList() /home/ubuntu/workspace/jstien/finalproject/admin.php:46
[30-Nov-2017 21:50:14 UTC] PHP Warning:  include(): Failed opening '../../dbConnectionFinalProject.php' for inclusion (include_path='.:/usr/share/php:/usr/share/pear') in /home/ubuntu/workspace/jstien/finalproject/admin.php on line 14
[30-Nov-2017 21:50:14 UTC] PHP Stack trace:
[30-Nov-2017 21:50:14 UTC] PHP   1. {main}() /home/ubuntu/workspace/jstien/finalproject/admin.php:0
[30-Nov-2017 21:50:14 UTC] PHP   2. authorList() /home/ubuntu/workspace/jstien/finalproject/admin.php:46
[30-Nov-2017 21:50:14 UTC] PHP Fatal error:  Call to undefined function getDatabaseConnection() in /home/ubuntu/workspace/jstien/finalproject/admin.php on line 15
[30-Nov-2017 21:50:14 UTC] PHP Stack trace:
[30-Nov-2017 21:50:14 UTC] PHP   1. {main}() /home/ubuntu/workspace/jstien/finalproject/admin.php:0
[30-Nov-2017 21:50:14 UTC] PHP   2. authorList() /home/ubuntu/workspace/jstien/finalproject/admin.php:46
[30-Nov-2017 21:50:15 UTC] PHP Warning:  include(../../dbConnectionFinalProject.php): failed to open stream: No such file or directory in /home/ubuntu/workspace/jstien/finalproject/admin.php on line 14
[30-Nov-2017 21:50:15 UTC] PHP Stack trace:
[30-Nov-2017 21:50:15 UTC] PHP   1. {main}() /home/ubuntu/workspace/jstien/finalproject/admin.php:0
[30-Nov-2017 21:50:15 UTC] PHP   2. authorList() /home/ubuntu/workspace/jstien/finalproject/admin.php:46
[30-Nov-2017 21:50:15 UTC] PHP Warning:  include(): Failed opening '../../dbConnectionFinalProject.php' for inclusion (include_path='.:/usr/share/php:/usr/share/pear') in /home/ubuntu/workspace/jstien/finalproject/admin.php on line 14
[30-Nov-2017 21:50:15 UTC] PHP Stack trace:
[30-Nov-2017 21:50:15 UTC] PHP   1. {main}() /home/ubuntu/workspace/jstien/finalproject/admin.php:0
[30-Nov-2017 21:50:15 UTC] PHP   2. authorList() /home/ubuntu/workspace/jstien/finalproject/admin.php:46
[30-Nov-2017 21:50:15 UTC] PHP Fatal error:  Call to undefined function getDatabaseConnection() in /home/ubuntu/workspace/jstien/finalproject/admin.php on line 15
[30-Nov-2017 21:50:15 UTC] PHP Stack trace:
[30-Nov-2017 21:50:15 UTC] PHP   1. {main}() /home/ubuntu/workspace/jstien/finalproject/admin.php:0
[30-Nov-2017 21:50:15 UTC] PHP   2. authorList() /home/ubuntu/workspace/jstien/finalproject/admin.php:46
[30-Nov-2017 21:50:21 UTC] PHP Warning:  include(../../dbConnectionFinalProject.php): failed to open stream: No such file or directory in /home/ubuntu/workspace/jstien/finalproject/admin.php on line 14
[30-Nov-2017 21:50:21 UTC] PHP Stack trace:
[30-Nov-2017 21:50:21 UTC] PHP   1. {main}() /home/ubuntu/workspace/jstien/finalproject/admin.php:0
[30-Nov-2017 21:50:21 UTC] PHP   2. authorList() /home/ubuntu/workspace/jstien/finalproject/admin.php:46
[30-Nov-2017 21:50:21 UTC] PHP Warning:  include(): Failed opening '../../dbConnectionFinalProject.php' for inclusion (include_path='.:/usr/share/php:/usr/share/pear') in /home/ubuntu/workspace/jstien/finalproject/admin.php on line 14
[30-Nov-2017 21:50:21 UTC] PHP Stack trace:
[30-Nov-2017 21:50:21 UTC] PHP   1. {main}() /home/ubuntu/workspace/jstien/finalproject/admin.php:0
[30-Nov-2017 21:50:21 UTC] PHP   2. authorList() /home/ubuntu/workspace/jstien/finalproject/admin.php:46
[30-Nov-2017 21:50:21 UTC] PHP Fatal error:  Call to undefined function getDatabaseConnection() in /home/ubuntu/workspace/jstien/finalproject/admin.php on line 15
[30-Nov-2017 21:50:21 UTC] PHP Stack trace:
[30-Nov-2017 21:50:21 UTC] PHP   1. {main}() /home/ubuntu/workspace/jstien/finalproject/admin.php:0
[30-Nov-2017 21:50:21 UTC] PHP   2. authorList() /home/ubuntu/workspace/jstien/finalproject/admin.php:46
[30-Nov-2017 21:50:22 UTC] PHP Warning:  include(../../dbConnectionFinalProject.php): failed to open stream: No such file or directory in /home/ubuntu/workspace/jstien/finalproject/admin.php on line 14
[30-Nov-2017 21:50:22 UTC] PHP Stack trace:
[30-Nov-2017 21:50:22 UTC] PHP   1. {main}() /home/ubuntu/workspace/jstien/finalproject/admin.php:0
[30-Nov-2017 21:50:22 UTC] PHP   2. authorList() /home/ubuntu/workspace/jstien/finalproject/admin.php:46
[30-Nov-2017 21:50:22 UTC] PHP Warning:  include(): Failed opening '../../dbConnectionFinalProject.php' for inclusion (include_path='.:/usr/share/php:/usr/share/pear') in /home/ubuntu/workspace/jstien/finalproject/admin.php on line 14
[30-Nov-2017 21:50:22 UTC] PHP Stack trace:
[30-Nov-2017 21:50:22 UTC] PHP   1. {main}() /home/ubuntu/workspace/jstien/finalproject/admin.php:0
[30-Nov-2017 21:50:22 UTC] PHP   2. authorList() /home/ubuntu/workspace/jstien/finalproject/admin.php:46
[30-Nov-2017 21:50:22 UTC] PHP Fatal error:  Call to undefined function getDatabaseConnection() in /home/ubuntu/workspace/jstien/finalproject/admin.php on line 15
[30-Nov-2017 21:50:22 UTC] PHP Stack trace:
[30-Nov-2017 21:50:22 UTC] PHP   1. {main}() /home/ubuntu/workspace/jstien/finalproject/admin.php:0
[30-Nov-2017 21:50:22 UTC] PHP   2. authorList() /home/ubuntu/workspace/jstien/finalproject/admin.php:46
[30-Nov-2017 21:51:25 UTC] PHP Warning:  include(../../dbConnectionFinalProject.php): failed to open stream: No such file or directory in /home/ubuntu/workspace/jstien/finalproject/admin.php on line 14
[30-Nov-2017 21:51:25 UTC] PHP Stack trace:
[30-Nov-2017 21:51:25 UTC] PHP   1. {main}() /home/ubuntu/workspace/jstien/finalproject/admin.php:0
[30-Nov-2017 21:51:25 UTC] PHP   2. authorList() /home/ubuntu/workspace/jstien/finalproject/admin.php:46
[30-Nov-2017 21:51:25 UTC] PHP Warning:  include(): Failed opening '../../dbConnectionFinalProject.php' for inclusion (include_path='.:/usr/share/php:/usr/share/pear') in /home/ubuntu/workspace/jstien/finalproject/admin.php on line 14
[30-Nov-2017 21:51:25 UTC] PHP Stack trace:
[30-Nov-2017 21:51:25 UTC] PHP   1. {main}() /home/ubuntu/workspace/jstien/finalproject/admin.php:0
[30-Nov-2017 21:51:25 UTC] PHP   2. authorList() /home/ubuntu/workspace/jstien/finalproject/admin.php:46
[30-Nov-2017 21:51:25 UTC] PHP Fatal error:  Call to undefined function getDatabaseConnection() in /home/ubuntu/workspace/jstien/finalproject/admin.php on line 15
[30-Nov-2017 21:51:25 UTC] PHP Stack trace:
[30-Nov-2017 21:51:25 UTC] PHP   1. {main}() /home/ubuntu/workspace/jstien/finalproject/admin.php:0
[30-Nov-2017 21:51:25 UTC] PHP   2. authorList() /home/ubuntu/workspace/jstien/finalproject/admin.php:46
[30-Nov-2017 22:19:47 UTC] PHP Warning:  include(../../includes/dbConnectionProject.php): failed to open stream: No such file or directory in /home/ubuntu/workspace/jstien/finalproject/admin.php on line 9
[30-Nov-2017 22:19:48 UTC] PHP Stack trace:
[30-Nov-2017 22:19:48 UTC] PHP   1. {main}() /home/ubuntu/workspace/jstien/finalproject/admin.php:0
[30-Nov-2017 22:19:48 UTC] PHP Warning:  include(): Failed opening '../../includes/dbConnectionProject.php' for inclusion (include_path='.:/usr/share/php:/usr/share/pear') in /home/ubuntu/workspace/jstien/finalproject/admin.php on line 9
[30-Nov-2017 22:19:48 UTC] PHP Stack trace:
[30-Nov-2017 22:19:48 UTC] PHP   1. {main}() /home/ubuntu/workspace/jstien/finalproject/admin.php:0
[30-Nov-2017 22:19:48 UTC] PHP Fatal error:  Call to undefined function getDatabaseConnection() in /home/ubuntu/workspace/jstien/finalproject/admin.php on line 10
[30-Nov-2017 22:19:48 UTC] PHP Stack trace:
[30-Nov-2017 22:19:48 UTC] PHP   1. {main}() /home/ubuntu/workspace/jstien/finalproject/admin.php:0
[30-Nov-2017 22:20:12 UTC] PHP Warning:  include(/jstien/dbConnectionProject.php): failed to open stream: No such file or directory in /home/ubuntu/workspace/jstien/finalproject/admin.php on line 9
[30-Nov-2017 22:20:12 UTC] PHP Stack trace:
[30-Nov-2017 22:20:12 UTC] PHP   1. {main}() /home/ubuntu/workspace/jstien/finalproject/admin.php:0
[30-Nov-2017 22:20:12 UTC] PHP Warning:  include(): Failed opening '/jstien/dbConnectionProject.php' for inclusion (include_path='.:/usr/share/php:/usr/share/pear') in /home/ubuntu/workspace/jstien/finalproject/admin.php on line 9
[30-Nov-2017 22:20:12 UTC] PHP Stack trace:
[30-Nov-2017 22:20:12 UTC] PHP   1. {main}() /home/ubuntu/workspace/jstien/finalproject/admin.php:0
[30-Nov-2017 22:20:12 UTC] PHP Fatal error:  Call to undefined function getDatabaseConnection() in /home/ubuntu/workspace/jstien/finalproject/admin.php on line 10
[30-Nov-2017 22:20:12 UTC] PHP Stack trace:
[30-Nov-2017 22:20:12 UTC] PHP   1. {main}() /home/ubuntu/workspace/jstien/finalproject/admin.php:0
[30-Nov-2017 22:20:26 UTC] PHP Warning:  include(/jstien/dbConnectionProject.php): failed to open stream: No such file or directory in /home/ubuntu/workspace/jstien/finalproject/admin.php on line 9
[30-Nov-2017 22:20:26 UTC] PHP Stack trace:
[30-Nov-2017 22:20:26 UTC] PHP   1. {main}() /home/ubuntu/workspace/jstien/finalproject/admin.php:0
[30-Nov-2017 22:20:26 UTC] PHP Warning:  include(): Failed opening '/jstien/dbConnectionProject.php' for inclusion (include_path='.:/usr/share/php:/usr/share/pear') in /home/ubuntu/workspace/jstien/finalproject/admin.php on line 9
[30-Nov-2017 22:20:26 UTC] PHP Stack trace:
[30-Nov-2017 22:20:26 UTC] PHP   1. {main}() /home/ubuntu/workspace/jstien/finalproject/admin.php:0
[30-Nov-2017 22:20:26 UTC] PHP Fatal error:  Call to undefined function getDatabaseConnection() in /home/ubuntu/workspace/jstien/finalproject/admin.php on line 10
[30-Nov-2017 22:20:26 UTC] PHP Stack trace:
[30-Nov-2017 22:20:26 UTC] PHP   1. {main}() /home/ubuntu/workspace/jstien/finalproject/admin.php:0
[30-Nov-2017 23:02:37 UTC] PHP Warning:  include(/jstien/dbConnectionProject.php): failed to open stream: No such file or directory in /home/ubuntu/workspace/jstien/finalproject/admin.php on line 9
[30-Nov-2017 23:02:37 UTC] PHP Stack trace:
[30-Nov-2017 23:02:37 UTC] PHP   1. {main}() /home/ubuntu/workspace/jstien/finalproject/admin.php:0
[30-Nov-2017 23:02:37 UTC] PHP Warning:  include(): Failed opening '/jstien/dbConnectionProject.php' for inclusion (include_path='.:/usr/share/php:/usr/share/pear') in /home/ubuntu/workspace/jstien/finalproject/admin.php on line 9
[30-Nov-2017 23:02:37 UTC] PHP Stack trace:
[30-Nov-2017 23:02:37 UTC] PHP   1. {main}() /home/ubuntu/workspace/jstien/finalproject/admin.php:0
[30-Nov-2017 23:02:37 UTC] PHP Fatal error:  Call to undefined function getDatabaseConnection() in /home/ubuntu/workspace/jstien/finalproject/admin.php on line 10
[30-Nov-2017 23:02:37 UTC] PHP Stack trace:
[30-Nov-2017 23:02:37 UTC] PHP   1. {main}() /home/ubuntu/workspace/jstien/finalproject/admin.php:0
[30-Nov-2017 23:04:16 UTC] PHP Warning:  include(/jstien/dbConnectionProject.php): failed to open stream: No such file or directory in /home/ubuntu/workspace/jstien/finalproject/admin.php on line 9
[30-Nov-2017 23:04:16 UTC] PHP Stack trace:
[30-Nov-2017 23:04:16 UTC] PHP   1. {main}() /home/ubuntu/workspace/jstien/finalproject/admin.php:0
[30-Nov-2017 23:04:16 UTC] PHP Warning:  include(): Failed opening '/jstien/dbConnectionProject.php' for inclusion (include_path='.:/usr/share/php:/usr/share/pear') in /home/ubuntu/workspace/jstien/finalproject/admin.php on line 9
[30-Nov-2017 23:04:16 UTC] PHP Stack trace:
[30-Nov-2017 23:04:16 UTC] PHP   1. {main}() /home/ubuntu/workspace/jstien/finalproject/admin.php:0
[30-Nov-2017 23:04:16 UTC] PHP Fatal error:  Call to undefined function getDatabaseConnection() in /home/ubuntu/workspace/jstien/finalproject/admin.php on line 10
[30-Nov-2017 23:04:16 UTC] PHP Stack trace:
[30-Nov-2017 23:04:16 UTC] PHP   1. {main}() /home/ubuntu/workspace/jstien/finalproject/admin.php:0
[30-Nov-2017 23:04:22 UTC] PHP Warning:  include(/jstien/dbConnectionProject.php): failed to open stream: No such file or directory in /home/ubuntu/workspace/jstien/finalproject/admin.php on line 9
[30-Nov-2017 23:04:22 UTC] PHP Stack trace:
[30-Nov-2017 23:04:22 UTC] PHP   1. {main}() /home/ubuntu/workspace/jstien/finalproject/admin.php:0
[30-Nov-2017 23:04:22 UTC] PHP Warning:  include(): Failed opening '/jstien/dbConnectionProject.php' for inclusion (include_path='.:/usr/share/php:/usr/share/pear') in /home/ubuntu/workspace/jstien/finalproject/admin.php on line 9
[30-Nov-2017 23:04:22 UTC] PHP Stack trace:
[30-Nov-2017 23:04:22 UTC] PHP   1. {main}() /home/ubuntu/workspace/jstien/finalproject/admin.php:0
[30-Nov-2017 23:04:22 UTC] PHP Fatal error:  Call to undefined function getDatabaseConnection() in /home/ubuntu/workspace/jstien/finalproject/admin.php on line 10
[30-Nov-2017 23:04:22 UTC] PHP Stack trace:
[30-Nov-2017 23:04:22 UTC] PHP   1. {main}() /home/ubuntu/workspace/jstien/finalproject/admin.php:0
[30-Nov-2017 23:04:23 UTC] PHP Warning:  include(/jstien/dbConnectionProject.php): failed to open stream: No such file or directory in /home/ubuntu/workspace/jstien/finalproject/admin.php on line 9
[30-Nov-2017 23:04:23 UTC] PHP Stack trace:
[30-Nov-2017 23:04:23 UTC] PHP   1. {main}() /home/ubuntu/workspace/jstien/finalproject/admin.php:0
[30-Nov-2017 23:04:23 UTC] PHP Warning:  include(): Failed opening '/jstien/dbConnectionProject.php' for inclusion (include_path='.:/usr/share/php:/usr/share/pear') in /home/ubuntu/workspace/jstien/finalproject/admin.php on line 9
[30-Nov-2017 23:04:23 UTC] PHP Stack trace:
[30-Nov-2017 23:04:23 UTC] PHP   1. {main}() /home/ubuntu/workspace/jstien/finalproject/admin.php:0
[30-Nov-2017 23:04:23 UTC] PHP Fatal error:  Call to undefined function getDatabaseConnection() in /home/ubuntu/workspace/jstien/finalproject/admin.php on line 10
[30-Nov-2017 23:04:23 UTC] PHP Stack trace:
[30-Nov-2017 23:04:23 UTC] PHP   1. {main}() /home/ubuntu/workspace/jstien/finalproject/admin.php:0
[30-Nov-2017 23:08:49 UTC] PHP Warning:  include(../includes/dbConnection.php): failed to open stream: No such file or directory in /home/ubuntu/workspace/jstien/project/loginProcess.php on line 3
[30-Nov-2017 23:08:49 UTC] PHP Stack trace:
[30-Nov-2017 23:08:49 UTC] PHP   1. {main}() /home/ubuntu/workspace/jstien/project/loginProcess.php:0
[30-Nov-2017 23:08:49 UTC] PHP Warning:  include(): Failed opening '../includes/dbConnection.php' for inclusion (include_path='.:/usr/share/php:/usr/share/pear') in /home/ubuntu/workspace/jstien/project/loginProcess.php on line 3
[30-Nov-2017 23:08:49 UTC] PHP Stack trace:
[30-Nov-2017 23:08:49 UTC] PHP   1. {main}() /home/ubuntu/workspace/jstien/project/loginProcess.php:0
[30-Nov-2017 23:08:49 UTC] PHP Fatal error:  Call to undefined function getDBConnection() in /home/ubuntu/workspace/jstien/project/loginProcess.php on line 4
[30-Nov-2017 23:08:49 UTC] PHP Stack trace:
[30-Nov-2017 23:08:49 UTC] PHP   1. {main}() /home/ubuntu/workspace/jstien/project/loginProcess.php:0
[30-Nov-2017 23:10:48 UTC] PHP Fatal error:  Call to undefined function getDBConnection() in /home/ubuntu/workspace/jstien/project/loginProcess.php on line 4
[30-Nov-2017 23:10:48 UTC] PHP Stack trace:
[30-Nov-2017 23:10:48 UTC] PHP   1. {main}() /home/ubuntu/workspace/jstien/project/loginProcess.php:0
[30-Nov-2017 23:10:52 UTC] PHP Fatal error:  Call to undefined function getDBConnection() in /home/ubuntu/workspace/jstien/project/loginProcess.php on line 4
[30-Nov-2017 23:10:52 UTC] PHP Stack trace:
[30-Nov-2017 23:10:52 UTC] PHP   1. {main}() /home/ubuntu/workspace/jstien/project/loginProcess.php:0
[30-Nov-2017 23:16:10 UTC] PHP Warning:  include(../includes/dbConnection.php): failed to open stream: No such file or directory in /home/ubuntu/workspace/jstien/project/loginProcess.php on line 3
[30-Nov-2017 23:16:10 UTC] PHP Stack trace:
[30-Nov-2017 23:16:10 UTC] PHP   1. {main}() /home/ubuntu/workspace/jstien/project/loginProcess.php:0
[30-Nov-2017 23:16:10 UTC] PHP Warning:  include(): Failed opening '../includes/dbConnection.php' for inclusion (include_path='.:/usr/share/php:/usr/share/pear') in /home/ubuntu/workspace/jstien/project/loginProcess.php on line 3
[30-Nov-2017 23:16:10 UTC] PHP Stack trace:
[30-Nov-2017 23:16:10 UTC] PHP   1. {main}() /home/ubuntu/workspace/jstien/project/loginProcess.php:0
[30-Nov-2017 23:16:10 UTC] PHP Fatal error:  Call to undefined function getDBConnection() in /home/ubuntu/workspace/jstien/project/loginProcess.php on line 4
[30-Nov-2017 23:16:10 UTC] PHP Stack trace:
[30-Nov-2017 23:16:10 UTC] PHP   1. {main}() /home/ubuntu/workspace/jstien/project/loginProcess.php:0
[30-Nov-2017 23:17:25 UTC] PHP Warning:  include(/jstien/dbConnectionProject.php): failed to open stream: No such file or directory in /home/ubuntu/workspace/jstien/finalproject/admin.php on line 9
[30-Nov-2017 23:17:25 UTC] PHP Stack trace:
[30-Nov-2017 23:17:25 UTC] PHP   1. {main}() /home/ubuntu/workspace/jstien/finalproject/admin.php:0
[30-Nov-2017 23:17:25 UTC] PHP Warning:  include(): Failed opening '/jstien/dbConnectionProject.php' for inclusion (include_path='.:/usr/share/php:/usr/share/pear') in /home/ubuntu/workspace/jstien/finalproject/admin.php on line 9
[30-Nov-2017 23:17:25 UTC] PHP Stack trace:
[30-Nov-2017 23:17:25 UTC] PHP   1. {main}() /home/ubuntu/workspace/jstien/finalproject/admin.php:0
[30-Nov-2017 23:17:25 UTC] PHP Fatal error:  Call to undefined function getDatabaseConnection() in /home/ubuntu/workspace/jstien/finalproject/admin.php on line 10
[30-Nov-2017 23:17:25 UTC] PHP Stack trace:
[30-Nov-2017 23:17:25 UTC] PHP   1. {main}() /home/ubuntu/workspace/jstien/finalproject/admin.php:0
[30-Nov-2017 23:27:08 UTC] PHP Warning:  include(../dbConnectionS.php): failed to open stream: No such file or directory in /home/ubuntu/workspace/jstien/finalproject/admin.php on line 12
[30-Nov-2017 23:27:08 UTC] PHP Stack trace:
[30-Nov-2017 23:27:08 UTC] PHP   1. {main}() /home/ubuntu/workspace/jstien/finalproject/admin.php:0
[30-Nov-2017 23:27:08 UTC] PHP Warning:  include(): Failed opening '../dbConnectionS.php' for inclusion (include_path='.:/usr/share/php:/usr/share/pear') in /home/ubuntu/workspace/jstien/finalproject/admin.php on line 12
[30-Nov-2017 23:27:08 UTC] PHP Stack trace:
[30-Nov-2017 23:27:08 UTC] PHP   1. {main}() /home/ubuntu/workspace/jstien/finalproject/admin.php:0
[30-Nov-2017 23:27:08 UTC] PHP Fatal error:  Call to undefined function getDatabaseConnection() in /home/ubuntu/workspace/jstien/finalproject/admin.php on line 13
[30-Nov-2017 23:27:08 UTC] PHP Stack trace:
[30-Nov-2017 23:27:08 UTC] PHP   1. {main}() /home/ubuntu/workspace/jstien/finalproject/admin.php:0
[01-Dec-2017 00:26:34 UTC] PHP Fatal error:  Call to a member function prepare() on a non-object in /home/ubuntu/workspace/jstien/finalproject/admin.php on line 11
[01-Dec-2017 00:26:34 UTC] PHP Stack trace:
[01-Dec-2017 00:26:34 UTC] PHP   1. {main}() /home/ubuntu/workspace/jstien/finalproject/admin.php:0
[01-Dec-2017 00:26:34 UTC] PHP   2. bookList() /home/ubuntu/workspace/jstien/finalproject/admin.php:29
[01-Dec-2017 00:28:53 UTC] PHP Fatal error:  Call to a member function prepare() on a non-object in /home/ubuntu/workspace/jstien/finalproject/index.php on line 23
[01-Dec-2017 00:28:53 UTC] PHP Stack trace:
[01-Dec-2017 00:28:53 UTC] PHP   1. {main}() /home/ubuntu/workspace/jstien/finalproject/index.php:0
[01-Dec-2017 00:28:53 UTC] PHP   2. bookList() /home/ubuntu/workspace/jstien/finalproject/index.php:58
[01-Dec-2017 00:31:09 UTC] PHP Fatal error:  Call to a member function prepare() on a non-object in /home/ubuntu/workspace/jstien/finalproject/index.php on line 23
[01-Dec-2017 00:31:09 UTC] PHP Stack trace:
[01-Dec-2017 00:31:09 UTC] PHP   1. {main}() /home/ubuntu/workspace/jstien/finalproject/index.php:0
[01-Dec-2017 00:31:09 UTC] PHP   2. bookList() /home/ubuntu/workspace/jstien/finalproject/index.php:58
[01-Dec-2017 00:31:10 UTC] PHP Fatal error:  Call to a member function prepare() on a non-object in /home/ubuntu/workspace/jstien/finalproject/index.php on line 23
[01-Dec-2017 00:31:10 UTC] PHP Stack trace:
[01-Dec-2017 00:31:10 UTC] PHP   1. {main}() /home/ubuntu/workspace/jstien/finalproject/index.php:0
[01-Dec-2017 00:31:10 UTC] PHP   2. bookList() /home/ubuntu/workspace/jstien/finalproject/index.php:58
[01-Dec-2017 00:31:31 UTC] PHP Fatal error:  Call to a member function prepare() on a non-object in /home/ubuntu/workspace/jstien/finalproject/index.php on line 24
[01-Dec-2017 00:31:31 UTC] PHP Stack trace:
[01-Dec-2017 00:31:31 UTC] PHP   1. {main}() /home/ubuntu/workspace/jstien/finalproject/index.php:0
[01-Dec-2017 00:31:31 UTC] PHP   2. bookList() /home/ubuntu/workspace/jstien/finalproject/index.php:59
[01-Dec-2017 00:31:42 UTC] PHP Fatal error:  Call to a member function prepare() on a non-object in /home/ubuntu/workspace/jstien/finalproject/index.php on line 25
[01-Dec-2017 00:31:42 UTC] PHP Stack trace:
[01-Dec-2017 00:31:42 UTC] PHP   1. {main}() /home/ubuntu/workspace/jstien/finalproject/index.php:0
[01-Dec-2017 00:31:42 UTC] PHP   2. bookList() /home/ubuntu/workspace/jstien/finalproject/index.php:60
[01-Dec-2017 00:46:14 UTC] PHP Fatal error:  Call to a member function prepare() on a non-object in /home/ubuntu/workspace/jstien/finalproject/index.php on line 21
[01-Dec-2017 00:46:14 UTC] PHP Stack trace:
[01-Dec-2017 00:46:14 UTC] PHP   1. {main}() /home/ubuntu/workspace/jstien/finalproject/index.php:0
[01-Dec-2017 00:46:14 UTC] PHP   2. bookList() /home/ubuntu/workspace/jstien/finalproject/index.php:66
[01-Dec-2017 00:46:15 UTC] PHP Fatal error:  Call to a member function prepare() on a non-object in /home/ubuntu/workspace/jstien/finalproject/index.php on line 21
[01-Dec-2017 00:46:15 UTC] PHP Stack trace:
[01-Dec-2017 00:46:15 UTC] PHP   1. {main}() /home/ubuntu/workspace/jstien/finalproject/index.php:0
[01-Dec-2017 00:46:15 UTC] PHP   2. bookList() /home/ubuntu/workspace/jstien/finalproject/index.php:66
[01-Dec-2017 00:47:25 UTC] PHP Fatal error:  Call to a member function prepare() on a non-object in /home/ubuntu/workspace/jstien/finalproject/index.php on line 21
[01-Dec-2017 00:47:25 UTC] PHP Stack trace:
[01-Dec-2017 00:47:25 UTC] PHP   1. {main}() /home/ubuntu/workspace/jstien/finalproject/index.php:0
[01-Dec-2017 00:47:25 UTC] PHP   2. bookList() /home/ubuntu/workspace/jstien/finalproject/index.php:64
[01-Dec-2017 00:48:58 UTC] PHP Fatal error:  Call to a member function prepare() on a non-object in /home/ubuntu/workspace/jstien/finalproject/index.php on line 22
[01-Dec-2017 00:48:58 UTC] PHP Stack trace:
[01-Dec-2017 00:48:58 UTC] PHP   1. {main}() /home/ubuntu/workspace/jstien/finalproject/index.php:0
[01-Dec-2017 00:48:58 UTC] PHP   2. bookList() /home/ubuntu/workspace/jstien/finalproject/index.php:65
[01-Dec-2017 00:49:00 UTC] PHP Fatal error:  Call to a member function prepare() on a non-object in /home/ubuntu/workspace/jstien/finalproject/index.php on line 22
[01-Dec-2017 00:49:00 UTC] PHP Stack trace:
[01-Dec-2017 00:49:00 UTC] PHP   1. {main}() /home/ubuntu/workspace/jstien/finalproject/index.php:0
[01-Dec-2017 00:49:00 UTC] PHP   2. bookList() /home/ubuntu/workspace/jstien/finalproject/index.php:65
[01-Dec-2017 00:49:01 UTC] PHP Fatal error:  Call to a member function prepare() on a non-object in /home/ubuntu/workspace/jstien/finalproject/index.php on line 22
[01-Dec-2017 00:49:01 UTC] PHP Stack trace:
[01-Dec-2017 00:49:01 UTC] PHP   1. {main}() /home/ubuntu/workspace/jstien/finalproject/index.php:0
[01-Dec-2017 00:49:01 UTC] PHP   2. bookList() /home/ubuntu/workspace/jstien/finalproject/index.php:65
[01-Dec-2017 00:49:02 UTC] PHP Fatal error:  Call to a member function prepare() on a non-object in /home/ubuntu/workspace/jstien/finalproject/index.php on line 22
[01-Dec-2017 00:49:02 UTC] PHP Stack trace:
[01-Dec-2017 00:49:02 UTC] PHP   1. {main}() /home/ubuntu/workspace/jstien/finalproject/index.php:0
[01-Dec-2017 00:49:02 UTC] PHP   2. bookList() /home/ubuntu/workspace/jstien/finalproject/index.php:65
[01-Dec-2017 00:49:55 UTC] PHP Fatal error:  Call to a member function prepare() on a non-object in /home/ubuntu/workspace/jstien/finalproject/index.php on line 22
[01-Dec-2017 00:49:55 UTC] PHP Stack trace:
[01-Dec-2017 00:49:55 UTC] PHP   1. {main}() /home/ubuntu/workspace/jstien/finalproject/index.php:0
[01-Dec-2017 00:49:55 UTC] PHP   2. bookList() /home/ubuntu/workspace/jstien/finalproject/index.php:65
[01-Dec-2017 00:50:12 UTC] PHP Fatal error:  Call to a member function prepare() on a non-object in /home/ubuntu/workspace/jstien/finalproject/index.php on line 22
[01-Dec-2017 00:50:12 UTC] PHP Stack trace:
[01-Dec-2017 00:50:12 UTC] PHP   1. {main}() /home/ubuntu/workspace/jstien/finalproject/index.php:0
[01-Dec-2017 00:50:12 UTC] PHP   2. bookList() /home/ubuntu/workspace/jstien/finalproject/index.php:65
[01-Dec-2017 00:51:54 UTC] PHP Fatal error:  Call to a member function prepare() on a non-object in /home/ubuntu/workspace/jstien/finalproject/index.php on line 22
[01-Dec-2017 00:51:54 UTC] PHP Stack trace:
[01-Dec-2017 00:51:54 UTC] PHP   1. {main}() /home/ubuntu/workspace/jstien/finalproject/index.php:0
[01-Dec-2017 00:51:54 UTC] PHP   2. bookList() /home/ubuntu/workspace/jstien/finalproject/index.php:65
[01-Dec-2017 00:51:55 UTC] PHP Fatal error:  Call to a member function prepare() on a non-object in /home/ubuntu/workspace/jstien/finalproject/index.php on line 22
[01-Dec-2017 00:51:55 UTC] PHP Stack trace:
[01-Dec-2017 00:51:55 UTC] PHP   1. {main}() /home/ubuntu/workspace/jstien/finalproject/index.php:0
[01-Dec-2017 00:51:55 UTC] PHP   2. bookList() /home/ubuntu/workspace/jstien/finalproject/index.php:65
[01-Dec-2017 00:52:13 UTC] PHP Fatal error:  Call to a member function prepare() on a non-object in /home/ubuntu/workspace/jstien/finalproject/index.php on line 22
[01-Dec-2017 00:52:13 UTC] PHP Stack trace:
[01-Dec-2017 00:52:13 UTC] PHP   1. {main}() /home/ubuntu/workspace/jstien/finalproject/index.php:0
[01-Dec-2017 00:52:13 UTC] PHP   2. bookList() /home/ubuntu/workspace/jstien/finalproject/index.php:65
[01-Dec-2017 00:53:56 UTC] PHP Fatal error:  Uncaught exception 'PDOException' with message 'SQLSTATE[42S02]: Base table or view not found: 1146 Table 'midtermReal.bookInfo' doesn't exist' in /home/ubuntu/workspace/jstien/finalproject/index.php:23
Stack trace:
#0 /home/ubuntu/workspace/jstien/finalproject/index.php(23): PDOStatement->execute()
#1 /home/ubuntu/workspace/jstien/finalproject/index.php(65): bookList()
#2 {main}
  thrown in /home/ubuntu/workspace/jstien/finalproject/index.php on line 23
[01-Dec-2017 00:55:11 UTC] PHP Warning:  include(/jstien/finalproject/include/dbConnection.php): failed to open stream: No such file or directory in /home/ubuntu/workspace/jstien/finalproject/index.php on line 14
[01-Dec-2017 00:55:11 UTC] PHP Stack trace:
[01-Dec-2017 00:55:11 UTC] PHP   1. {main}() /home/ubuntu/workspace/jstien/finalproject/index.php:0
[01-Dec-2017 00:55:11 UTC] PHP Warning:  include(): Failed opening '/jstien/finalproject/include/dbConnection.php' for inclusion (include_path='.:/usr/share/php:/usr/share/pear') in /home/ubuntu/workspace/jstien/finalproject/index.php on line 14
[01-Dec-2017 00:55:11 UTC] PHP Stack trace:
[01-Dec-2017 00:55:11 UTC] PHP   1. {main}() /home/ubuntu/workspace/jstien/finalproject/index.php:0
[01-Dec-2017 00:55:11 UTC] PHP Fatal error:  Call to undefined function getDatabaseConnection() in /home/ubuntu/workspace/jstien/finalproject/index.php on line 15
[01-Dec-2017 00:55:11 UTC] PHP Stack trace:
[01-Dec-2017 00:55:11 UTC] PHP   1. {main}() /home/ubuntu/workspace/jstien/finalproject/index.php:0
[01-Dec-2017 00:56:27 UTC] PHP Fatal error:  Uncaught exception 'PDOException' with message 'SQLSTATE[42S02]: Base table or view not found: 1146 Table 'midtermReal.bookInfo' doesn't exist' in /home/ubuntu/workspace/jstien/finalproject/index.php:25
Stack trace:
#0 /home/ubuntu/workspace/jstien/finalproject/index.php(25): PDOStatement->execute()
#1 /home/ubuntu/workspace/jstien/finalproject/index.php(67): bookList()
#2 {main}
  thrown in /home/ubuntu/workspace/jstien/finalproject/index.php on line 25
[01-Dec-2017 00:57:27 UTC] PHP Warning:  include(/jstien/finalproject/include/dbConnection.php): failed to open stream: No such file or directory in /home/ubuntu/workspace/jstien/finalproject/index.php on line 19
[01-Dec-2017 00:57:27 UTC] PHP Stack trace:
[01-Dec-2017 00:57:27 UTC] PHP   1. {main}() /home/ubuntu/workspace/jstien/finalproject/index.php:0
[01-Dec-2017 00:57:27 UTC] PHP   2. bookList() /home/ubuntu/workspace/jstien/finalproject/index.php:67
[01-Dec-2017 00:57:27 UTC] PHP Warning:  include(): Failed opening '/jstien/finalproject/include/dbConnection.php' for inclusion (include_path='.:/usr/share/php:/usr/share/pear') in /home/ubuntu/workspace/jstien/finalproject/index.php on line 19
[01-Dec-2017 00:57:27 UTC] PHP Stack trace:
[01-Dec-2017 00:57:27 UTC] PHP   1. {main}() /home/ubuntu/workspace/jstien/finalproject/index.php:0
[01-Dec-2017 00:57:27 UTC] PHP   2. bookList() /home/ubuntu/workspace/jstien/finalproject/index.php:67
[01-Dec-2017 00:57:27 UTC] PHP Fatal error:  Call to undefined function getDatabaseConnection() in /home/ubuntu/workspace/jstien/finalproject/index.php on line 20
[01-Dec-2017 00:57:27 UTC] PHP Stack trace:
[01-Dec-2017 00:57:27 UTC] PHP   1. {main}() /home/ubuntu/workspace/jstien/finalproject/index.php:0
[01-Dec-2017 00:57:27 UTC] PHP   2. bookList() /home/ubuntu/workspace/jstien/finalproject/index.php:67
[01-Dec-2017 01:01:17 UTC] PHP Warning:  include(/jstien/finalproject/include/dbConnection.php): failed to open stream: No such file or directory in /home/ubuntu/workspace/jstien/finalproject/index.php on line 19
[01-Dec-2017 01:01:17 UTC] PHP Stack trace:
[01-Dec-2017 01:01:17 UTC] PHP   1. {main}() /home/ubuntu/workspace/jstien/finalproject/index.php:0
[01-Dec-2017 01:01:17 UTC] PHP   2. bookList() /home/ubuntu/workspace/jstien/finalproject/index.php:67
[01-Dec-2017 01:01:17 UTC] PHP Warning:  include(): Failed opening '/jstien/finalproject/include/dbConnection.php' for inclusion (include_path='.:/usr/share/php:/usr/share/pear') in /home/ubuntu/workspace/jstien/finalproject/index.php on line 19
[01-Dec-2017 01:01:17 UTC] PHP Stack trace:
[01-Dec-2017 01:01:17 UTC] PHP   1. {main}() /home/ubuntu/workspace/jstien/finalproject/index.php:0
[01-Dec-2017 01:01:17 UTC] PHP   2. bookList() /home/ubuntu/workspace/jstien/finalproject/index.php:67
[01-Dec-2017 01:01:17 UTC] PHP Fatal error:  Call to undefined function getDatabaseConnection() in /home/ubuntu/workspace/jstien/finalproject/index.php on line 20
[01-Dec-2017 01:01:17 UTC] PHP Stack trace:
[01-Dec-2017 01:01:17 UTC] PHP   1. {main}() /home/ubuntu/workspace/jstien/finalproject/index.php:0
[01-Dec-2017 01:01:17 UTC] PHP   2. bookList() /home/ubuntu/workspace/jstien/finalproject/index.php:67
[01-Dec-2017 01:03:54 UTC] PHP Fatal error:  Uncaught exception 'PDOException' with message 'SQLSTATE[42S02]: Base table or view not found: 1146 Table 'midtermReal.bookInfo' doesn't exist' in /home/ubuntu/workspace/jstien/finalproject/index.php:25
Stack trace:
#0 /home/ubuntu/workspace/jstien/finalproject/index.php(25): PDOStatement->execute()
#1 /home/ubuntu/workspace/jstien/finalproject/index.php(67): bookList()
#2 {main}
  thrown in /home/ubuntu/workspace/jstien/finalproject/index.php on line 25
[01-Dec-2017 01:04:22 UTC] PHP Warning:  PDOStatement::execute() expects parameter 1 to be array, string given in /home/ubuntu/workspace/jstien/finalproject/index.php on line 25
[01-Dec-2017 01:04:22 UTC] PHP Stack trace:
[01-Dec-2017 01:04:22 UTC] PHP   1. {main}() /home/ubuntu/workspace/jstien/finalproject/index.php:0
[01-Dec-2017 01:04:22 UTC] PHP   2. bookList() /home/ubuntu/workspace/jstien/finalproject/index.php:67
[01-Dec-2017 01:04:22 UTC] PHP   3. PDOStatement->execute() /home/ubuntu/workspace/jstien/finalproject/index.php:25
[01-Dec-2017 01:04:23 UTC] PHP Warning:  PDOStatement::execute() expects parameter 1 to be array, string given in /home/ubuntu/workspace/jstien/finalproject/index.php on line 25
[01-Dec-2017 01:04:23 UTC] PHP Stack trace:
[01-Dec-2017 01:04:23 UTC] PHP   1. {main}() /home/ubuntu/workspace/jstien/finalproject/index.php:0
[01-Dec-2017 01:04:23 UTC] PHP   2. bookList() /home/ubuntu/workspace/jstien/finalproject/index.php:67
[01-Dec-2017 01:04:23 UTC] PHP   3. PDOStatement->execute() /home/ubuntu/workspace/jstien/finalproject/index.php:25
[01-Dec-2017 01:05:13 UTC] PHP Warning:  include(../../dbConnection.php): failed to open stream: No such file or directory in /home/ubuntu/workspace/jstien/finalproject/index.php on line 14
[01-Dec-2017 01:05:13 UTC] PHP Stack trace:
[01-Dec-2017 01:05:13 UTC] PHP   1. {main}() /home/ubuntu/workspace/jstien/finalproject/index.php:0
[01-Dec-2017 01:05:13 UTC] PHP Warning:  include(): Failed opening '../../dbConnection.php' for inclusion (include_path='.:/usr/share/php:/usr/share/pear') in /home/ubuntu/workspace/jstien/finalproject/index.php on line 14
[01-Dec-2017 01:05:13 UTC] PHP Stack trace:
[01-Dec-2017 01:05:13 UTC] PHP   1. {main}() /home/ubuntu/workspace/jstien/finalproject/index.php:0
[01-Dec-2017 01:05:13 UTC] PHP Fatal error:  Call to undefined function getDatabaseConnection() in /home/ubuntu/workspace/jstien/finalproject/index.php on line 15
[01-Dec-2017 01:05:13 UTC] PHP Stack trace:
[01-Dec-2017 01:05:13 UTC] PHP   1. {main}() /home/ubuntu/workspace/jstien/finalproject/index.php:0
[01-Dec-2017 01:05:21 UTC] PHP Fatal error:  Uncaught exception 'PDOException' with message 'SQLSTATE[42S02]: Base table or view not found: 1146 Table 'midtermReal.bookInfo' doesn't exist' in /home/ubuntu/workspace/jstien/finalproject/index.php:25
Stack trace:
#0 /home/ubuntu/workspace/jstien/finalproject/index.php(25): PDOStatement->execute()
#1 /home/ubuntu/workspace/jstien/finalproject/index.php(67): bookList()
#2 {main}
  thrown in /home/ubuntu/workspace/jstien/finalproject/index.php on line 25
[01-Dec-2017 01:06:17 UTC] PHP Fatal error:  Uncaught exception 'PDOException' with message 'SQLSTATE[42S02]: Base table or view not found: 1146 Table 'midtermReal.bookInfo' doesn't exist' in /home/ubuntu/workspace/jstien/finalproject/index.php:25
Stack trace:
#0 /home/ubuntu/workspace/jstien/finalproject/index.php(25): PDOStatement->execute()
#1 /home/ubuntu/workspace/jstien/finalproject/index.php(67): bookList()
#2 {main}
  thrown in /home/ubuntu/workspace/jstien/finalproject/index.php on line 25
[01-Dec-2017 01:06:29 UTC] PHP Fatal error:  Uncaught exception 'PDOException' with message 'SQLSTATE[42S02]: Base table or view not found: 1146 Table 'midtermReal.bookInfo' doesn't exist' in /home/ubuntu/workspace/jstien/finalproject/index.php:25
Stack trace:
#0 /home/ubuntu/workspace/jstien/finalproject/index.php(25): PDOStatement->execute()
#1 /home/ubuntu/workspace/jstien/finalproject/index.php(67): bookList()
#2 {main}
  thrown in /home/ubuntu/workspace/jstien/finalproject/index.php on line 25
[01-Dec-2017 01:07:23 UTC] PHP Fatal error:  Uncaught exception 'PDOException' with message 'SQLSTATE[42S02]: Base table or view not found: 1146 Table 'midtermReal.bookInfo' doesn't exist' in /home/ubuntu/workspace/jstien/finalproject/index.php:31
Stack trace:
#0 /home/ubuntu/workspace/jstien/finalproject/index.php(31): PDOStatement->execute(Array)
#1 /home/ubuntu/workspace/jstien/finalproject/index.php(67): bookList()
#2 {main}
  thrown in /home/ubuntu/workspace/jstien/finalproject/index.php on line 31
[01-Dec-2017 01:14:54 UTC] PHP Fatal error:  Uncaught exception 'PDOException' with message 'SQLSTATE[42S02]: Base table or view not found: 1146 Table 'midtermReal.bookInfo' doesn't exist' in /home/ubuntu/workspace/jstien/finalproject/index.php:31
Stack trace:
#0 /home/ubuntu/workspace/jstien/finalproject/index.php(31): PDOStatement->execute(Array)
#1 /home/ubuntu/workspace/jstien/finalproject/index.php(67): bookList()
#2 {main}
  thrown in /home/ubuntu/workspace/jstien/finalproject/index.php on line 31
[01-Dec-2017 01:55:33 UTC] PHP Parse error:  syntax error, unexpected '}' in /home/ubuntu/workspace/jstien/finalproject/index.php on line 40
[01-Dec-2017 01:55:47 UTC] PHP Fatal error:  Call to undefined function bookList() in /home/ubuntu/workspace/jstien/finalproject/index.php on line 69
[01-Dec-2017 01:55:47 UTC] PHP Stack trace:
[01-Dec-2017 01:55:47 UTC] PHP   1. {main}() /home/ubuntu/workspace/jstien/finalproject/index.php:0
[01-Dec-2017 03:00:30 UTC] PHP Fatal error:  Call to undefined function bookList() in /home/ubuntu/workspace/jstien/finalproject/index.php on line 69
[01-Dec-2017 03:00:30 UTC] PHP Stack trace:
[01-Dec-2017 03:00:30 UTC] PHP   1. {main}() /home/ubuntu/workspace/jstien/finalproject/index.php:0
[01-Dec-2017 03:01:19 UTC] PHP Parse error:  syntax error, unexpected '}' in /home/ubuntu/workspace/jstien/finalproject/index.php on line 40
[01-Dec-2017 03:01:25 UTC] PHP Fatal error:  Uncaught exception 'PDOException' with message 'SQLSTATE[42S02]: Base table or view not found: 1146 Table 'midtermReal.bookInfo' doesn't exist' in /home/ubuntu/workspace/jstien/finalproject/index.php:27
Stack trace:
#0 /home/ubuntu/workspace/jstien/finalproject/index.php(27): PDOStatement->execute()
#1 {main}
  thrown in /home/ubuntu/workspace/jstien/finalproject/index.php on line 27
[01-Dec-2017 03:02:39 UTC] PHP Fatal error:  Uncaught exception 'PDOException' with message 'SQLSTATE[42S02]: Base table or view not found: 1146 Table 'midtermReal.bookInfo' doesn't exist' in /home/ubuntu/workspace/jstien/finalproject/index.php:27
Stack trace:
#0 /home/ubuntu/workspace/jstien/finalproject/index.php(27): PDOStatement->execute()
#1 {main}
  thrown in /home/ubuntu/workspace/jstien/finalproject/index.php on line 27
[01-Dec-2017 03:05:09 UTC] PHP Parse error:  syntax error, unexpected '$stmt' (T_VARIABLE) in /home/ubuntu/workspace/jstien/finalproject/index.php on line 26
[01-Dec-2017 03:22:15 UTC] PHP Warning:  include(../calls/dbConnection.php): failed to open stream: No such file or directory in /home/ubuntu/workspace/jstien/finalproject/index.php on line 14
[01-Dec-2017 03:22:15 UTC] PHP Stack trace:
[01-Dec-2017 03:22:15 UTC] PHP   1. {main}() /home/ubuntu/workspace/jstien/finalproject/index.php:0
[01-Dec-2017 03:22:15 UTC] PHP Warning:  include(): Failed opening '../calls/dbConnection.php' for inclusion (include_path='.:/usr/share/php:/usr/share/pear') in /home/ubuntu/workspace/jstien/finalproject/index.php on line 14
[01-Dec-2017 03:22:15 UTC] PHP Stack trace:
[01-Dec-2017 03:22:15 UTC] PHP   1. {main}() /home/ubuntu/workspace/jstien/finalproject/index.php:0
[01-Dec-2017 03:22:15 UTC] PHP Fatal error:  Call to undefined function getDatabaseConnection() in /home/ubuntu/workspace/jstien/finalproject/index.php on line 15
[01-Dec-2017 03:22:15 UTC] PHP Stack trace:
[01-Dec-2017 03:22:15 UTC] PHP   1. {main}() /home/ubuntu/workspace/jstien/finalproject/index.php:0
[01-Dec-2017 03:22:25 UTC] PHP Fatal error:  Uncaught exception 'PDOException' with message 'SQLSTATE[42S02]: Base table or view not found: 1146 Table 'midtermReal.bookInfo' doesn't exist' in /home/ubuntu/workspace/jstien/finalproject/index.php:34
Stack trace:
#0 /home/ubuntu/workspace/jstien/finalproject/index.php(34): PDOStatement->execute(Array)
#1 /home/ubuntu/workspace/jstien/finalproject/index.php(72): bookList()
#2 {main}
  thrown in /home/ubuntu/workspace/jstien/finalproject/index.php on line 34
[01-Dec-2017 03:26:49 UTC] PHP Warning:  PDO::prepare() expects at least 1 parameter, 0 given in /home/ubuntu/workspace/jstien/finalproject/index.php on line 26
[01-Dec-2017 03:26:49 UTC] PHP Stack trace:
[01-Dec-2017 03:26:49 UTC] PHP   1. {main}() /home/ubuntu/workspace/jstien/finalproject/index.php:0
[01-Dec-2017 03:26:49 UTC] PHP   2. bookList() /home/ubuntu/workspace/jstien/finalproject/index.php:65
[01-Dec-2017 03:26:49 UTC] PHP   3. PDO->prepare() /home/ubuntu/workspace/jstien/finalproject/index.php:26
[01-Dec-2017 03:26:49 UTC] PHP Fatal error:  Call to a member function execute() on a non-object in /home/ubuntu/workspace/jstien/finalproject/index.php on line 27
[01-Dec-2017 03:26:49 UTC] PHP Stack trace:
[01-Dec-2017 03:26:49 UTC] PHP   1. {main}() /home/ubuntu/workspace/jstien/finalproject/index.php:0
[01-Dec-2017 03:26:49 UTC] PHP   2. bookList() /home/ubuntu/workspace/jstien/finalproject/index.php:65
[01-Dec-2017 03:27:03 UTC] PHP Warning:  Invalid argument supplied for foreach() in /home/ubuntu/workspace/jstien/finalproject/index.php on line 30
[01-Dec-2017 03:27:03 UTC] PHP Stack trace:
[01-Dec-2017 03:27:03 UTC] PHP   1. {main}() /home/ubuntu/workspace/jstien/finalproject/index.php:0
[01-Dec-2017 03:27:03 UTC] PHP   2. bookList() /home/ubuntu/workspace/jstien/finalproject/index.php:65
