[18-Sep-2017 00:26:17 UTC] PHP Fatal error:  Call to undefined function displayPoints() in /home/ubuntu/workspace/jstien/hw/hw2/index2.php on line 10
[18-Sep-2017 00:26:17 UTC] PHP Stack trace:
[18-Sep-2017 00:26:17 UTC] PHP   1. {main}() /home/ubuntu/workspace/jstien/hw/hw2/index2.php:0
[18-Sep-2017 00:26:17 UTC] PHP   2. play() /home/ubuntu/workspace/jstien/hw/hw2/index2.php:59
[18-Sep-2017 00:26:20 UTC] PHP Fatal error:  Call to undefined function displayPoints() in /home/ubuntu/workspace/jstien/hw/hw2/index2.php on line 10
[18-Sep-2017 00:26:20 UTC] PHP Stack trace:
[18-Sep-2017 00:26:20 UTC] PHP   1. {main}() /home/ubuntu/workspace/jstien/hw/hw2/index2.php:0
[18-Sep-2017 00:26:20 UTC] PHP   2. play() /home/ubuntu/workspace/jstien/hw/hw2/index2.php:59
[18-Sep-2017 00:30:11 UTC] PHP Warning:  Missing argument 1 for displaySymbol(), called in /home/ubuntu/workspace/jstien/hw/hw2/index2.php on line 33 and defined in /home/ubuntu/workspace/jstien/hw/hw2/index2.php on line 13
[18-Sep-2017 00:30:11 UTC] PHP Stack trace:
[18-Sep-2017 00:30:11 UTC] PHP   1. {main}() /home/ubuntu/workspace/jstien/hw/hw2/index2.php:0
[18-Sep-2017 00:30:11 UTC] PHP   2. displaySymbol() /home/ubuntu/workspace/jstien/hw/hw2/index2.php:33
[18-Sep-2017 00:30:11 UTC] PHP Warning:  Missing argument 2 for displaySymbol(), called in /home/ubuntu/workspace/jstien/hw/hw2/index2.php on line 33 and defined in /home/ubuntu/workspace/jstien/hw/hw2/index2.php on line 13
[18-Sep-2017 00:30:11 UTC] PHP Stack trace:
[18-Sep-2017 00:30:11 UTC] PHP   1. {main}() /home/ubuntu/workspace/jstien/hw/hw2/index2.php:0
[18-Sep-2017 00:30:11 UTC] PHP   2. displaySymbol() /home/ubuntu/workspace/jstien/hw/hw2/index2.php:33
[18-Sep-2017 00:30:11 UTC] PHP Warning:  Missing argument 1 for displaySymbol(), called in /home/ubuntu/workspace/jstien/hw/hw2/index2.php on line 33 and defined in /home/ubuntu/workspace/jstien/hw/hw2/index2.php on line 13
[18-Sep-2017 00:30:11 UTC] PHP Stack trace:
[18-Sep-2017 00:30:11 UTC] PHP   1. {main}() /home/ubuntu/workspace/jstien/hw/hw2/index2.php:0
[18-Sep-2017 00:30:11 UTC] PHP   2. displaySymbol() /home/ubuntu/workspace/jstien/hw/hw2/index2.php:33
[18-Sep-2017 00:30:11 UTC] PHP Warning:  Missing argument 2 for displaySymbol(), called in /home/ubuntu/workspace/jstien/hw/hw2/index2.php on line 33 and defined in /home/ubuntu/workspace/jstien/hw/hw2/index2.php on line 13
[18-Sep-2017 00:30:11 UTC] PHP Stack trace:
[18-Sep-2017 00:30:11 UTC] PHP   1. {main}() /home/ubuntu/workspace/jstien/hw/hw2/index2.php:0
[18-Sep-2017 00:30:11 UTC] PHP   2. displaySymbol() /home/ubuntu/workspace/jstien/hw/hw2/index2.php:33
[18-Sep-2017 00:30:11 UTC] PHP Warning:  Missing argument 1 for displaySymbol(), called in /home/ubuntu/workspace/jstien/hw/hw2/index2.php on line 33 and defined in /home/ubuntu/workspace/jstien/hw/hw2/index2.php on line 13
[18-Sep-2017 00:30:11 UTC] PHP Stack trace:
[18-Sep-2017 00:30:11 UTC] PHP   1. {main}() /home/ubuntu/workspace/jstien/hw/hw2/index2.php:0
[18-Sep-2017 00:30:11 UTC] PHP   2. displaySymbol() /home/ubuntu/workspace/jstien/hw/hw2/index2.php:33
[18-Sep-2017 00:30:11 UTC] PHP Warning:  Missing argument 2 for displaySymbol(), called in /home/ubuntu/workspace/jstien/hw/hw2/index2.php on line 33 and defined in /home/ubuntu/workspace/jstien/hw/hw2/index2.php on line 13
[18-Sep-2017 00:30:11 UTC] PHP Stack trace:
[18-Sep-2017 00:30:11 UTC] PHP   1. {main}() /home/ubuntu/workspace/jstien/hw/hw2/index2.php:0
[18-Sep-2017 00:30:11 UTC] PHP   2. displaySymbol() /home/ubuntu/workspace/jstien/hw/hw2/index2.php:33
[18-Sep-2017 00:30:11 UTC] PHP Warning:  Missing argument 1 for displaySymbol(), called in /home/ubuntu/workspace/jstien/hw/hw2/index2.php on line 33 and defined in /home/ubuntu/workspace/jstien/hw/hw2/index2.php on line 13
[18-Sep-2017 00:30:11 UTC] PHP Stack trace:
[18-Sep-2017 00:30:11 UTC] PHP   1. {main}() /home/ubuntu/workspace/jstien/hw/hw2/index2.php:0
[18-Sep-2017 00:30:11 UTC] PHP   2. displaySymbol() /home/ubuntu/workspace/jstien/hw/hw2/index2.php:33
[18-Sep-2017 00:30:11 UTC] PHP Warning:  Missing argument 2 for displaySymbol(), called in /home/ubuntu/workspace/jstien/hw/hw2/index2.php on line 33 and defined in /home/ubuntu/workspace/jstien/hw/hw2/index2.php on line 13
[18-Sep-2017 00:30:11 UTC] PHP Stack trace:
[18-Sep-2017 00:30:11 UTC] PHP   1. {main}() /home/ubuntu/workspace/jstien/hw/hw2/index2.php:0
[18-Sep-2017 00:30:11 UTC] PHP   2. displaySymbol() /home/ubuntu/workspace/jstien/hw/hw2/index2.php:33
[18-Sep-2017 00:30:11 UTC] PHP Warning:  Missing argument 1 for displaySymbol(), called in /home/ubuntu/workspace/jstien/hw/hw2/index2.php on line 33 and defined in /home/ubuntu/workspace/jstien/hw/hw2/index2.php on line 13
[18-Sep-2017 00:30:11 UTC] PHP Stack trace:
[18-Sep-2017 00:30:11 UTC] PHP   1. {main}() /home/ubuntu/workspace/jstien/hw/hw2/index2.php:0
[18-Sep-2017 00:30:11 UTC] PHP   2. displaySymbol() /home/ubuntu/workspace/jstien/hw/hw2/index2.php:33
[18-Sep-2017 00:30:11 UTC] PHP Warning:  Missing argument 2 for displaySymbol(), called in /home/ubuntu/workspace/jstien/hw/hw2/index2.php on line 33 and defined in /home/ubuntu/workspace/jstien/hw/hw2/index2.php on line 13
[18-Sep-2017 00:30:11 UTC] PHP Stack trace:
[18-Sep-2017 00:30:11 UTC] PHP   1. {main}() /home/ubuntu/workspace/jstien/hw/hw2/index2.php:0
[18-Sep-2017 00:30:11 UTC] PHP   2. displaySymbol() /home/ubuntu/workspace/jstien/hw/hw2/index2.php:33
[18-Sep-2017 00:31:04 UTC] PHP Warning:  Missing argument 1 for displaySymbol(), called in /home/ubuntu/workspace/jstien/hw/hw2/index2.php on line 33 and defined in /home/ubuntu/workspace/jstien/hw/hw2/index2.php on line 13
[18-Sep-2017 00:31:04 UTC] PHP Stack trace:
[18-Sep-2017 00:31:04 UTC] PHP   1. {main}() /home/ubuntu/workspace/jstien/hw/hw2/index2.php:0
[18-Sep-2017 00:31:04 UTC] PHP   2. displaySymbol() /home/ubuntu/workspace/jstien/hw/hw2/index2.php:33
[18-Sep-2017 00:31:04 UTC] PHP Warning:  Missing argument 2 for displaySymbol(), called in /home/ubuntu/workspace/jstien/hw/hw2/index2.php on line 33 and defined in /home/ubuntu/workspace/jstien/hw/hw2/index2.php on line 13
[18-Sep-2017 00:31:04 UTC] PHP Stack trace:
[18-Sep-2017 00:31:04 UTC] PHP   1. {main}() /home/ubuntu/workspace/jstien/hw/hw2/index2.php:0
[18-Sep-2017 00:31:04 UTC] PHP   2. displaySymbol() /home/ubuntu/workspace/jstien/hw/hw2/index2.php:33
[18-Sep-2017 00:31:04 UTC] PHP Warning:  Missing argument 1 for displaySymbol(), called in /home/ubuntu/workspace/jstien/hw/hw2/index2.php on line 33 and defined in /home/ubuntu/workspace/jstien/hw/hw2/index2.php on line 13
[18-Sep-2017 00:31:04 UTC] PHP Stack trace:
[18-Sep-2017 00:31:04 UTC] PHP   1. {main}() /home/ubuntu/workspace/jstien/hw/hw2/index2.php:0
[18-Sep-2017 00:31:04 UTC] PHP   2. displaySymbol() /home/ubuntu/workspace/jstien/hw/hw2/index2.php:33
[18-Sep-2017 00:31:04 UTC] PHP Warning:  Missing argument 2 for displaySymbol(), called in /home/ubuntu/workspace/jstien/hw/hw2/index2.php on line 33 and defined in /home/ubuntu/workspace/jstien/hw/hw2/index2.php on line 13
[18-Sep-2017 00:31:04 UTC] PHP Stack trace:
[18-Sep-2017 00:31:04 UTC] PHP   1. {main}() /home/ubuntu/workspace/jstien/hw/hw2/index2.php:0
[18-Sep-2017 00:31:04 UTC] PHP   2. displaySymbol() /home/ubuntu/workspace/jstien/hw/hw2/index2.php:33
[18-Sep-2017 00:31:04 UTC] PHP Warning:  Missing argument 1 for displaySymbol(), called in /home/ubuntu/workspace/jstien/hw/hw2/index2.php on line 33 and defined in /home/ubuntu/workspace/jstien/hw/hw2/index2.php on line 13
[18-Sep-2017 00:31:04 UTC] PHP Stack trace:
[18-Sep-2017 00:31:04 UTC] PHP   1. {main}() /home/ubuntu/workspace/jstien/hw/hw2/index2.php:0
[18-Sep-2017 00:31:04 UTC] PHP   2. displaySymbol() /home/ubuntu/workspace/jstien/hw/hw2/index2.php:33
[18-Sep-2017 00:31:04 UTC] PHP Warning:  Missing argument 2 for displaySymbol(), called in /home/ubuntu/workspace/jstien/hw/hw2/index2.php on line 33 and defined in /home/ubuntu/workspace/jstien/hw/hw2/index2.php on line 13
[18-Sep-2017 00:31:04 UTC] PHP Stack trace:
[18-Sep-2017 00:31:04 UTC] PHP   1. {main}() /home/ubuntu/workspace/jstien/hw/hw2/index2.php:0
[18-Sep-2017 00:31:04 UTC] PHP   2. displaySymbol() /home/ubuntu/workspace/jstien/hw/hw2/index2.php:33
[18-Sep-2017 00:31:04 UTC] PHP Warning:  Missing argument 1 for displaySymbol(), called in /home/ubuntu/workspace/jstien/hw/hw2/index2.php on line 33 and defined in /home/ubuntu/workspace/jstien/hw/hw2/index2.php on line 13
[18-Sep-2017 00:31:04 UTC] PHP Stack trace:
[18-Sep-2017 00:31:04 UTC] PHP   1. {main}() /home/ubuntu/workspace/jstien/hw/hw2/index2.php:0
[18-Sep-2017 00:31:04 UTC] PHP   2. displaySymbol() /home/ubuntu/workspace/jstien/hw/hw2/index2.php:33
[18-Sep-2017 00:31:04 UTC] PHP Warning:  Missing argument 2 for displaySymbol(), called in /home/ubuntu/workspace/jstien/hw/hw2/index2.php on line 33 and defined in /home/ubuntu/workspace/jstien/hw/hw2/index2.php on line 13
[18-Sep-2017 00:31:04 UTC] PHP Stack trace:
[18-Sep-2017 00:31:04 UTC] PHP   1. {main}() /home/ubuntu/workspace/jstien/hw/hw2/index2.php:0
[18-Sep-2017 00:31:04 UTC] PHP   2. displaySymbol() /home/ubuntu/workspace/jstien/hw/hw2/index2.php:33
[18-Sep-2017 00:31:04 UTC] PHP Warning:  Missing argument 1 for displaySymbol(), called in /home/ubuntu/workspace/jstien/hw/hw2/index2.php on line 33 and defined in /home/ubuntu/workspace/jstien/hw/hw2/index2.php on line 13
[18-Sep-2017 00:31:04 UTC] PHP Stack trace:
[18-Sep-2017 00:31:04 UTC] PHP   1. {main}() /home/ubuntu/workspace/jstien/hw/hw2/index2.php:0
[18-Sep-2017 00:31:04 UTC] PHP   2. displaySymbol() /home/ubuntu/workspace/jstien/hw/hw2/index2.php:33
[18-Sep-2017 00:31:04 UTC] PHP Warning:  Missing argument 2 for displaySymbol(), called in /home/ubuntu/workspace/jstien/hw/hw2/index2.php on line 33 and defined in /home/ubuntu/workspace/jstien/hw/hw2/index2.php on line 13
[18-Sep-2017 00:31:04 UTC] PHP Stack trace:
[18-Sep-2017 00:31:04 UTC] PHP   1. {main}() /home/ubuntu/workspace/jstien/hw/hw2/index2.php:0
[18-Sep-2017 00:31:04 UTC] PHP   2. displaySymbol() /home/ubuntu/workspace/jstien/hw/hw2/index2.php:33
[18-Sep-2017 00:42:27 UTC] PHP Parse error:  syntax error, unexpected '.' in /home/ubuntu/workspace/jstien/hw/hw2/index2.php on line 4
[18-Sep-2017 00:43:25 UTC] PHP Parse error:  syntax error, unexpected 'echo' (T_ECHO) in /home/ubuntu/workspace/jstien/hw/hw2/index2.php on line 34
[18-Sep-2017 01:08:57 UTC] PHP Fatal error:  Call to undefined function displaySymbol() in /home/ubuntu/workspace/jstien/hw/hw2/index2.php on line 8
[18-Sep-2017 01:08:57 UTC] PHP Stack trace:
[18-Sep-2017 01:08:57 UTC] PHP   1. {main}() /home/ubuntu/workspace/jstien/hw/hw2/index2.php:0
[18-Sep-2017 01:08:57 UTC] PHP   2. play() /home/ubuntu/workspace/jstien/hw/hw2/index2.php:60
[18-Sep-2017 01:08:58 UTC] PHP Fatal error:  Call to undefined function displaySymbol() in /home/ubuntu/workspace/jstien/hw/hw2/index2.php on line 8
[18-Sep-2017 01:08:58 UTC] PHP Stack trace:
[18-Sep-2017 01:08:58 UTC] PHP   1. {main}() /home/ubuntu/workspace/jstien/hw/hw2/index2.php:0
[18-Sep-2017 01:08:58 UTC] PHP   2. play() /home/ubuntu/workspace/jstien/hw/hw2/index2.php:60
[18-Sep-2017 01:09:30 UTC] PHP Fatal error:  Call to undefined function displaySymbol() in /home/ubuntu/workspace/jstien/hw/hw2/index2.php on line 8
[18-Sep-2017 01:09:30 UTC] PHP Stack trace:
[18-Sep-2017 01:09:30 UTC] PHP   1. {main}() /home/ubuntu/workspace/jstien/hw/hw2/index2.php:0
[18-Sep-2017 01:09:30 UTC] PHP   2. play() /home/ubuntu/workspace/jstien/hw/hw2/index2.php:60
[18-Sep-2017 01:12:04 UTC] PHP Fatal error:  Call to undefined function displayHand() in /home/ubuntu/workspace/jstien/hw/hw2/index2.php on line 41
[18-Sep-2017 01:12:04 UTC] PHP Stack trace:
[18-Sep-2017 01:12:04 UTC] PHP   1. {main}() /home/ubuntu/workspace/jstien/hw/hw2/index2.php:0
[18-Sep-2017 01:15:50 UTC] PHP Fatal error:  Cannot redeclare displayRandomCard() (previously declared in /home/ubuntu/workspace/jstien/hw/hw2/index2.php:15) in /home/ubuntu/workspace/jstien/hw/hw2/index2.php on line 42
[18-Sep-2017 01:15:51 UTC] PHP Fatal error:  Cannot redeclare displayRandomCard() (previously declared in /home/ubuntu/workspace/jstien/hw/hw2/index2.php:15) in /home/ubuntu/workspace/jstien/hw/hw2/index2.php on line 42
[18-Sep-2017 01:39:23 UTC] PHP Warning:  Missing argument 2 for displayPoints(), called in /home/ubuntu/workspace/jstien/hw/hw2/inc/functions.php on line 11 and defined in /home/ubuntu/workspace/jstien/hw/hw2/inc/functions.php on line 36
[18-Sep-2017 01:39:23 UTC] PHP Stack trace:
[18-Sep-2017 01:39:23 UTC] PHP   1. {main}() /home/ubuntu/workspace/jstien/hw/hw2/index.php:0
[18-Sep-2017 01:39:23 UTC] PHP   2. play() /home/ubuntu/workspace/jstien/hw/hw2/index.php:18
[18-Sep-2017 01:39:23 UTC] PHP   3. displayPoints() /home/ubuntu/workspace/jstien/hw/hw2/inc/functions.php:11
[18-Sep-2017 01:39:23 UTC] PHP Warning:  Missing argument 3 for displayPoints(), called in /home/ubuntu/workspace/jstien/hw/hw2/inc/functions.php on line 11 and defined in /home/ubuntu/workspace/jstien/hw/hw2/inc/functions.php on line 36
[18-Sep-2017 01:39:23 UTC] PHP Stack trace:
[18-Sep-2017 01:39:23 UTC] PHP   1. {main}() /home/ubuntu/workspace/jstien/hw/hw2/index.php:0
[18-Sep-2017 01:39:23 UTC] PHP   2. play() /home/ubuntu/workspace/jstien/hw/hw2/index.php:18
[18-Sep-2017 01:39:23 UTC] PHP   3. displayPoints() /home/ubuntu/workspace/jstien/hw/hw2/inc/functions.php:11
[18-Sep-2017 01:39:23 UTC] PHP Warning:  Missing argument 4 for displayPoints(), called in /home/ubuntu/workspace/jstien/hw/hw2/inc/functions.php on line 11 and defined in /home/ubuntu/workspace/jstien/hw/hw2/inc/functions.php on line 36
[18-Sep-2017 01:39:23 UTC] PHP Stack trace:
[18-Sep-2017 01:39:23 UTC] PHP   1. {main}() /home/ubuntu/workspace/jstien/hw/hw2/index.php:0
[18-Sep-2017 01:39:23 UTC] PHP   2. play() /home/ubuntu/workspace/jstien/hw/hw2/index.php:18
[18-Sep-2017 01:39:23 UTC] PHP   3. displayPoints() /home/ubuntu/workspace/jstien/hw/hw2/inc/functions.php:11
[18-Sep-2017 02:06:09 UTC] PHP Warning:  shuffle() expects parameter 1 to be array, null given in /home/ubuntu/workspace/jstien/hw/hw2/index.php on line 9
[18-Sep-2017 02:06:09 UTC] PHP Stack trace:
[18-Sep-2017 02:06:09 UTC] PHP   1. {main}() /home/ubuntu/workspace/jstien/hw/hw2/index.php:0
[18-Sep-2017 02:06:09 UTC] PHP   2. shuffle() /home/ubuntu/workspace/jstien/hw/hw2/index.php:9
[18-Sep-2017 02:06:56 UTC] PHP Warning:  shuffle() expects parameter 1 to be array, null given in /home/ubuntu/workspace/jstien/hw/hw2/index.php on line 9
[18-Sep-2017 02:06:56 UTC] PHP Stack trace:
[18-Sep-2017 02:06:56 UTC] PHP   1. {main}() /home/ubuntu/workspace/jstien/hw/hw2/index.php:0
[18-Sep-2017 02:06:56 UTC] PHP   2. shuffle() /home/ubuntu/workspace/jstien/hw/hw2/index.php:9
[18-Sep-2017 02:06:57 UTC] PHP Warning:  shuffle() expects parameter 1 to be array, null given in /home/ubuntu/workspace/jstien/hw/hw2/index.php on line 9
[18-Sep-2017 02:06:57 UTC] PHP Stack trace:
[18-Sep-2017 02:06:57 UTC] PHP   1. {main}() /home/ubuntu/workspace/jstien/hw/hw2/index.php:0
[18-Sep-2017 02:06:57 UTC] PHP   2. shuffle() /home/ubuntu/workspace/jstien/hw/hw2/index.php:9
[18-Sep-2017 02:13:40 UTC] PHP Fatal error:  Call to undefined function displaySymbol() in /home/ubuntu/workspace/jstien/hw/hw2/index.php on line 6
[18-Sep-2017 02:13:40 UTC] PHP Stack trace:
[18-Sep-2017 02:13:40 UTC] PHP   1. {main}() /home/ubuntu/workspace/jstien/hw/hw2/index.php:0
[18-Sep-2017 02:13:40 UTC] PHP   2. play() /home/ubuntu/workspace/jstien/hw/hw2/index.php:40
[18-Sep-2017 02:13:42 UTC] PHP Fatal error:  Call to undefined function displaySymbol() in /home/ubuntu/workspace/jstien/hw/hw2/index.php on line 6
[18-Sep-2017 02:13:42 UTC] PHP Stack trace:
[18-Sep-2017 02:13:42 UTC] PHP   1. {main}() /home/ubuntu/workspace/jstien/hw/hw2/index.php:0
[18-Sep-2017 02:13:42 UTC] PHP   2. play() /home/ubuntu/workspace/jstien/hw/hw2/index.php:40
[18-Sep-2017 02:19:12 UTC] PHP Fatal error:  Call to undefined function play() in /home/ubuntu/workspace/jstien/hw/hw2/index.php on line 43
[18-Sep-2017 02:19:12 UTC] PHP Stack trace:
[18-Sep-2017 02:19:12 UTC] PHP   1. {main}() /home/ubuntu/workspace/jstien/hw/hw2/index.php:0
[18-Sep-2017 02:20:33 UTC] PHP Warning:  Missing argument 1 for displaySymbol(), called in /home/ubuntu/workspace/jstien/hw/hw2/index.php on line 44 and defined in /home/ubuntu/workspace/jstien/hw/hw2/index.php on line 14
[18-Sep-2017 02:20:33 UTC] PHP Stack trace:
[18-Sep-2017 02:20:33 UTC] PHP   1. {main}() /home/ubuntu/workspace/jstien/hw/hw2/index.php:0
[18-Sep-2017 02:20:33 UTC] PHP   2. displaySymbol() /home/ubuntu/workspace/jstien/hw/hw2/index.php:44
[18-Sep-2017 02:20:33 UTC] PHP Warning:  Missing argument 2 for displaySymbol(), called in /home/ubuntu/workspace/jstien/hw/hw2/index.php on line 44 and defined in /home/ubuntu/workspace/jstien/hw/hw2/index.php on line 14
[18-Sep-2017 02:20:33 UTC] PHP Stack trace:
[18-Sep-2017 02:20:33 UTC] PHP   1. {main}() /home/ubuntu/workspace/jstien/hw/hw2/index.php:0
[18-Sep-2017 02:20:33 UTC] PHP   2. displaySymbol() /home/ubuntu/workspace/jstien/hw/hw2/index.php:44
[18-Sep-2017 02:20:57 UTC] PHP Warning:  Missing argument 1 for displaySymbol(), called in /home/ubuntu/workspace/jstien/hw/hw2/index.php on line 44 and defined in /home/ubuntu/workspace/jstien/hw/hw2/index.php on line 14
[18-Sep-2017 02:20:57 UTC] PHP Stack trace:
[18-Sep-2017 02:20:57 UTC] PHP   1. {main}() /home/ubuntu/workspace/jstien/hw/hw2/index.php:0
[18-Sep-2017 02:20:57 UTC] PHP   2. displaySymbol() /home/ubuntu/workspace/jstien/hw/hw2/index.php:44
[18-Sep-2017 02:20:58 UTC] PHP Warning:  Missing argument 1 for displaySymbol(), called in /home/ubuntu/workspace/jstien/hw/hw2/index.php on line 44 and defined in /home/ubuntu/workspace/jstien/hw/hw2/index.php on line 14
[18-Sep-2017 02:20:58 UTC] PHP Stack trace:
[18-Sep-2017 02:20:58 UTC] PHP   1. {main}() /home/ubuntu/workspace/jstien/hw/hw2/index.php:0
[18-Sep-2017 02:20:58 UTC] PHP   2. displaySymbol() /home/ubuntu/workspace/jstien/hw/hw2/index.php:44
[18-Sep-2017 02:20:59 UTC] PHP Warning:  Missing argument 1 for displaySymbol(), called in /home/ubuntu/workspace/jstien/hw/hw2/index.php on line 44 and defined in /home/ubuntu/workspace/jstien/hw/hw2/index.php on line 14
[18-Sep-2017 02:20:59 UTC] PHP Stack trace:
[18-Sep-2017 02:20:59 UTC] PHP   1. {main}() /home/ubuntu/workspace/jstien/hw/hw2/index.php:0
[18-Sep-2017 02:20:59 UTC] PHP   2. displaySymbol() /home/ubuntu/workspace/jstien/hw/hw2/index.php:44
[18-Sep-2017 02:21:25 UTC] PHP Warning:  Missing argument 1 for displaySymbol(), called in /home/ubuntu/workspace/jstien/hw/hw2/index.php on line 44 and defined in /home/ubuntu/workspace/jstien/hw/hw2/index.php on line 14
[18-Sep-2017 02:21:25 UTC] PHP Stack trace:
[18-Sep-2017 02:21:25 UTC] PHP   1. {main}() /home/ubuntu/workspace/jstien/hw/hw2/index.php:0
[18-Sep-2017 02:21:25 UTC] PHP   2. displaySymbol() /home/ubuntu/workspace/jstien/hw/hw2/index.php:44
[18-Sep-2017 02:21:25 UTC] PHP Warning:  Missing argument 2 for displaySymbol(), called in /home/ubuntu/workspace/jstien/hw/hw2/index.php on line 44 and defined in /home/ubuntu/workspace/jstien/hw/hw2/index.php on line 14
[18-Sep-2017 02:21:25 UTC] PHP Stack trace:
[18-Sep-2017 02:21:25 UTC] PHP   1. {main}() /home/ubuntu/workspace/jstien/hw/hw2/index.php:0
[18-Sep-2017 02:21:25 UTC] PHP   2. displaySymbol() /home/ubuntu/workspace/jstien/hw/hw2/index.php:44
[18-Sep-2017 19:35:26 UTC] PHP Fatal error:  Cannot redeclare displayRandomCard() (previously declared in /home/ubuntu/workspace/jstien/hw/hw2wrong/index2.php:37) in /home/ubuntu/workspace/jstien/hw/hw2wrong/index2.php on line 46
[18-Sep-2017 19:35:26 UTC] PHP Stack trace:
[18-Sep-2017 19:35:26 UTC] PHP   1. {main}() /home/ubuntu/workspace/jstien/hw/hw2wrong/index2.php:0
[18-Sep-2017 19:35:27 UTC] PHP Fatal error:  Cannot redeclare displayRandomCard() (previously declared in /home/ubuntu/workspace/jstien/hw/hw2wrong/index2.php:37) in /home/ubuntu/workspace/jstien/hw/hw2wrong/index2.php on line 46
[18-Sep-2017 19:35:27 UTC] PHP Stack trace:
[18-Sep-2017 19:35:27 UTC] PHP   1. {main}() /home/ubuntu/workspace/jstien/hw/hw2wrong/index2.php:0
[18-Sep-2017 19:35:32 UTC] PHP Fatal error:  Cannot redeclare displayRandomCard() (previously declared in /home/ubuntu/workspace/jstien/hw/hw2wrong/index2.php:37) in /home/ubuntu/workspace/jstien/hw/hw2wrong/index2.php on line 46
[18-Sep-2017 19:35:32 UTC] PHP Stack trace:
[18-Sep-2017 19:35:32 UTC] PHP   1. {main}() /home/ubuntu/workspace/jstien/hw/hw2wrong/index2.php:0
[18-Sep-2017 19:35:44 UTC] PHP Fatal error:  Cannot redeclare displayRandomCard() (previously declared in /home/ubuntu/workspace/jstien/hw/hw2wrong/index2.php:37) in /home/ubuntu/workspace/jstien/hw/hw2wrong/index2.php on line 46
[18-Sep-2017 19:35:44 UTC] PHP Stack trace:
[18-Sep-2017 19:35:44 UTC] PHP   1. {main}() /home/ubuntu/workspace/jstien/hw/hw2wrong/index2.php:0
[18-Sep-2017 19:35:45 UTC] PHP Fatal error:  Cannot redeclare displayRandomCard() (previously declared in /home/ubuntu/workspace/jstien/hw/hw2wrong/index2.php:37) in /home/ubuntu/workspace/jstien/hw/hw2wrong/index2.php on line 46
[18-Sep-2017 19:35:45 UTC] PHP Stack trace:
[18-Sep-2017 19:35:45 UTC] PHP   1. {main}() /home/ubuntu/workspace/jstien/hw/hw2wrong/index2.php:0
[18-Sep-2017 19:35:52 UTC] PHP Fatal error:  Cannot redeclare displayRandomCard() (previously declared in /home/ubuntu/workspace/jstien/hw/hw2wrong/index2.php:46) in /home/ubuntu/workspace/jstien/hw/hw2wrong/index2.php on line 46
[18-Sep-2017 19:35:52 UTC] PHP Stack trace:
[18-Sep-2017 19:35:52 UTC] PHP   1. {main}() /home/ubuntu/workspace/jstien/hw/hw2wrong/index2.php:0
[18-Sep-2017 19:35:53 UTC] PHP Fatal error:  Cannot redeclare displayRandomCard() (previously declared in /home/ubuntu/workspace/jstien/hw/hw2wrong/index2.php:46) in /home/ubuntu/workspace/jstien/hw/hw2wrong/index2.php on line 46
[18-Sep-2017 19:35:53 UTC] PHP Stack trace:
[18-Sep-2017 19:35:53 UTC] PHP   1. {main}() /home/ubuntu/workspace/jstien/hw/hw2wrong/index2.php:0
[18-Sep-2017 19:35:54 UTC] PHP Fatal error:  Cannot redeclare displayRandomCard() (previously declared in /home/ubuntu/workspace/jstien/hw/hw2wrong/index2.php:46) in /home/ubuntu/workspace/jstien/hw/hw2wrong/index2.php on line 46
[18-Sep-2017 19:35:54 UTC] PHP Stack trace:
[18-Sep-2017 19:35:54 UTC] PHP   1. {main}() /home/ubuntu/workspace/jstien/hw/hw2wrong/index2.php:0
[18-Sep-2017 19:36:59 UTC] PHP Fatal error:  Cannot redeclare displayRandomCard() (previously declared in /home/ubuntu/workspace/jstien/hw/hw2wrong/index2.php:31) in /home/ubuntu/workspace/jstien/hw/hw2wrong/index2.php on line 31
[18-Sep-2017 19:36:59 UTC] PHP Stack trace:
[18-Sep-2017 19:36:59 UTC] PHP   1. {main}() /home/ubuntu/workspace/jstien/hw/hw2wrong/index2.php:0
[18-Sep-2017 19:36:59 UTC] PHP   2. displayHand() /home/ubuntu/workspace/jstien/hw/hw2wrong/index2.php:43
[18-Sep-2017 19:37:00 UTC] PHP Fatal error:  Cannot redeclare displayRandomCard() (previously declared in /home/ubuntu/workspace/jstien/hw/hw2wrong/index2.php:31) in /home/ubuntu/workspace/jstien/hw/hw2wrong/index2.php on line 31
[18-Sep-2017 19:37:00 UTC] PHP Stack trace:
[18-Sep-2017 19:37:00 UTC] PHP   1. {main}() /home/ubuntu/workspace/jstien/hw/hw2wrong/index2.php:0
[18-Sep-2017 19:37:00 UTC] PHP   2. displayHand() /home/ubuntu/workspace/jstien/hw/hw2wrong/index2.php:43
[18-Sep-2017 19:37:03 UTC] PHP Fatal error:  Cannot redeclare displayRandomCard() (previously declared in /home/ubuntu/workspace/jstien/hw/hw2wrong/index2.php:31) in /home/ubuntu/workspace/jstien/hw/hw2wrong/index2.php on line 31
[18-Sep-2017 19:37:03 UTC] PHP Stack trace:
[18-Sep-2017 19:37:03 UTC] PHP   1. {main}() /home/ubuntu/workspace/jstien/hw/hw2wrong/index2.php:0
[18-Sep-2017 19:37:03 UTC] PHP   2. displayHand() /home/ubuntu/workspace/jstien/hw/hw2wrong/index2.php:43
[18-Sep-2017 20:26:23 UTC] PHP Parse error:  syntax error, unexpected '{' in /home/ubuntu/workspace/jstien/hw/hw2wrong/index2.php on line 43
[18-Sep-2017 20:30:41 UTC] PHP Parse error:  syntax error, unexpected '}' in /home/ubuntu/workspace/jstien/hw/hw2wrong/index2.php on line 70
[18-Sep-2017 21:59:30 UTC] PHP Warning:  Missing argument 1 for displayPoints(), called in /home/ubuntu/workspace/jstien/hw/hw2wrong/index2.php on line 96 and defined in /home/ubuntu/workspace/jstien/hw/hw2wrong/index2.php on line 74
[18-Sep-2017 21:59:30 UTC] PHP Stack trace:
[18-Sep-2017 21:59:30 UTC] PHP   1. {main}() /home/ubuntu/workspace/jstien/hw/hw2wrong/index2.php:0
[18-Sep-2017 21:59:30 UTC] PHP   2. displayPoints() /home/ubuntu/workspace/jstien/hw/hw2wrong/index2.php:96
[18-Sep-2017 21:59:30 UTC] PHP Warning:  Missing argument 2 for displayPoints(), called in /home/ubuntu/workspace/jstien/hw/hw2wrong/index2.php on line 96 and defined in /home/ubuntu/workspace/jstien/hw/hw2wrong/index2.php on line 74
[18-Sep-2017 21:59:30 UTC] PHP Stack trace:
[18-Sep-2017 21:59:30 UTC] PHP   1. {main}() /home/ubuntu/workspace/jstien/hw/hw2wrong/index2.php:0
[18-Sep-2017 21:59:30 UTC] PHP   2. displayPoints() /home/ubuntu/workspace/jstien/hw/hw2wrong/index2.php:96
[18-Sep-2017 21:59:30 UTC] PHP Warning:  Missing argument 3 for displayPoints(), called in /home/ubuntu/workspace/jstien/hw/hw2wrong/index2.php on line 96 and defined in /home/ubuntu/workspace/jstien/hw/hw2wrong/index2.php on line 74
[18-Sep-2017 21:59:30 UTC] PHP Stack trace:
[18-Sep-2017 21:59:30 UTC] PHP   1. {main}() /home/ubuntu/workspace/jstien/hw/hw2wrong/index2.php:0
[18-Sep-2017 21:59:30 UTC] PHP   2. displayPoints() /home/ubuntu/workspace/jstien/hw/hw2wrong/index2.php:96
[18-Sep-2017 21:59:30 UTC] PHP Warning:  Missing argument 4 for displayPoints(), called in /home/ubuntu/workspace/jstien/hw/hw2wrong/index2.php on line 96 and defined in /home/ubuntu/workspace/jstien/hw/hw2wrong/index2.php on line 74
[18-Sep-2017 21:59:30 UTC] PHP Stack trace:
[18-Sep-2017 21:59:30 UTC] PHP   1. {main}() /home/ubuntu/workspace/jstien/hw/hw2wrong/index2.php:0
[18-Sep-2017 21:59:30 UTC] PHP   2. displayPoints() /home/ubuntu/workspace/jstien/hw/hw2wrong/index2.php:96
[18-Sep-2017 21:59:44 UTC] PHP Warning:  Missing argument 1 for displayPoints(), called in /home/ubuntu/workspace/jstien/hw/hw2wrong/index2.php on line 96 and defined in /home/ubuntu/workspace/jstien/hw/hw2wrong/index2.php on line 74
[18-Sep-2017 21:59:44 UTC] PHP Stack trace:
[18-Sep-2017 21:59:44 UTC] PHP   1. {main}() /home/ubuntu/workspace/jstien/hw/hw2wrong/index2.php:0
[18-Sep-2017 21:59:44 UTC] PHP   2. displayPoints() /home/ubuntu/workspace/jstien/hw/hw2wrong/index2.php:96
[18-Sep-2017 21:59:44 UTC] PHP Warning:  Missing argument 2 for displayPoints(), called in /home/ubuntu/workspace/jstien/hw/hw2wrong/index2.php on line 96 and defined in /home/ubuntu/workspace/jstien/hw/hw2wrong/index2.php on line 74
[18-Sep-2017 21:59:44 UTC] PHP Stack trace:
[18-Sep-2017 21:59:44 UTC] PHP   1. {main}() /home/ubuntu/workspace/jstien/hw/hw2wrong/index2.php:0
[18-Sep-2017 21:59:44 UTC] PHP   2. displayPoints() /home/ubuntu/workspace/jstien/hw/hw2wrong/index2.php:96
[18-Sep-2017 21:59:44 UTC] PHP Warning:  Missing argument 3 for displayPoints(), called in /home/ubuntu/workspace/jstien/hw/hw2wrong/index2.php on line 96 and defined in /home/ubuntu/workspace/jstien/hw/hw2wrong/index2.php on line 74
[18-Sep-2017 21:59:44 UTC] PHP Stack trace:
[18-Sep-2017 21:59:44 UTC] PHP   1. {main}() /home/ubuntu/workspace/jstien/hw/hw2wrong/index2.php:0
[18-Sep-2017 21:59:44 UTC] PHP   2. displayPoints() /home/ubuntu/workspace/jstien/hw/hw2wrong/index2.php:96
[18-Sep-2017 21:59:44 UTC] PHP Warning:  Missing argument 4 for displayPoints(), called in /home/ubuntu/workspace/jstien/hw/hw2wrong/index2.php on line 96 and defined in /home/ubuntu/workspace/jstien/hw/hw2wrong/index2.php on line 74
[18-Sep-2017 21:59:44 UTC] PHP Stack trace:
[18-Sep-2017 21:59:44 UTC] PHP   1. {main}() /home/ubuntu/workspace/jstien/hw/hw2wrong/index2.php:0
[18-Sep-2017 21:59:44 UTC] PHP   2. displayPoints() /home/ubuntu/workspace/jstien/hw/hw2wrong/index2.php:96
[19-Sep-2017 01:02:49 UTC] PHP Warning:  Missing argument 1 for displayHand(), called in /home/ubuntu/workspace/jstien/hw/hw2wrong/index2.php on line 64 and defined in /home/ubuntu/workspace/jstien/hw/hw2wrong/index2.php on line 36
[19-Sep-2017 01:02:49 UTC] PHP Stack trace:
[19-Sep-2017 01:02:49 UTC] PHP   1. {main}() /home/ubuntu/workspace/jstien/hw/hw2wrong/index2.php:0
[19-Sep-2017 01:02:49 UTC] PHP   2. displayHand() /home/ubuntu/workspace/jstien/hw/hw2wrong/index2.php:64
[19-Sep-2017 01:02:49 UTC] PHP Warning:  Missing argument 1 for displayHand(), called in /home/ubuntu/workspace/jstien/hw/hw2wrong/index2.php on line 69 and defined in /home/ubuntu/workspace/jstien/hw/hw2wrong/index2.php on line 36
[19-Sep-2017 01:02:49 UTC] PHP Stack trace:
[19-Sep-2017 01:02:49 UTC] PHP   1. {main}() /home/ubuntu/workspace/jstien/hw/hw2wrong/index2.php:0
[19-Sep-2017 01:02:49 UTC] PHP   2. displayHand() /home/ubuntu/workspace/jstien/hw/hw2wrong/index2.php:69
[19-Sep-2017 01:04:11 UTC] PHP Warning:  Missing argument 1 for displayHand(), called in /home/ubuntu/workspace/jstien/hw/hw2wrong/index2.php on line 69 and defined in /home/ubuntu/workspace/jstien/hw/hw2wrong/index2.php on line 36
[19-Sep-2017 01:04:11 UTC] PHP Stack trace:
[19-Sep-2017 01:04:11 UTC] PHP   1. {main}() /home/ubuntu/workspace/jstien/hw/hw2wrong/index2.php:0
[19-Sep-2017 01:04:11 UTC] PHP   2. displayHand() /home/ubuntu/workspace/jstien/hw/hw2wrong/index2.php:69
[19-Sep-2017 01:06:48 UTC] PHP Warning:  Missing argument 2 for displayHand(), called in /home/ubuntu/workspace/jstien/hw/hw2wrong/index2.php on line 64 and defined in /home/ubuntu/workspace/jstien/hw/hw2wrong/index2.php on line 36
[19-Sep-2017 01:06:48 UTC] PHP Stack trace:
[19-Sep-2017 01:06:48 UTC] PHP   1. {main}() /home/ubuntu/workspace/jstien/hw/hw2wrong/index2.php:0
[19-Sep-2017 01:06:48 UTC] PHP   2. displayHand() /home/ubuntu/workspace/jstien/hw/hw2wrong/index2.php:64
[19-Sep-2017 01:06:48 UTC] PHP Warning:  Missing argument 2 for displayHand(), called in /home/ubuntu/workspace/jstien/hw/hw2wrong/index2.php on line 69 and defined in /home/ubuntu/workspace/jstien/hw/hw2wrong/index2.php on line 36
[19-Sep-2017 01:06:48 UTC] PHP Stack trace:
[19-Sep-2017 01:06:48 UTC] PHP   1. {main}() /home/ubuntu/workspace/jstien/hw/hw2wrong/index2.php:0
[19-Sep-2017 01:06:48 UTC] PHP   2. displayHand() /home/ubuntu/workspace/jstien/hw/hw2wrong/index2.php:69
[19-Sep-2017 01:06:52 UTC] PHP Warning:  Missing argument 2 for displayHand(), called in /home/ubuntu/workspace/jstien/hw/hw2wrong/index2.php on line 64 and defined in /home/ubuntu/workspace/jstien/hw/hw2wrong/index2.php on line 36
[19-Sep-2017 01:06:52 UTC] PHP Stack trace:
[19-Sep-2017 01:06:52 UTC] PHP   1. {main}() /home/ubuntu/workspace/jstien/hw/hw2wrong/index2.php:0
[19-Sep-2017 01:06:52 UTC] PHP   2. displayHand() /home/ubuntu/workspace/jstien/hw/hw2wrong/index2.php:64
[19-Sep-2017 01:06:52 UTC] PHP Warning:  Missing argument 2 for displayHand(), called in /home/ubuntu/workspace/jstien/hw/hw2wrong/index2.php on line 69 and defined in /home/ubuntu/workspace/jstien/hw/hw2wrong/index2.php on line 36
[19-Sep-2017 01:06:52 UTC] PHP Stack trace:
[19-Sep-2017 01:06:52 UTC] PHP   1. {main}() /home/ubuntu/workspace/jstien/hw/hw2wrong/index2.php:0
[19-Sep-2017 01:06:52 UTC] PHP   2. displayHand() /home/ubuntu/workspace/jstien/hw/hw2wrong/index2.php:69
[19-Sep-2017 01:06:55 UTC] PHP Warning:  Missing argument 2 for displayHand(), called in /home/ubuntu/workspace/jstien/hw/hw2wrong/index2.php on line 64 and defined in /home/ubuntu/workspace/jstien/hw/hw2wrong/index2.php on line 36
[19-Sep-2017 01:06:55 UTC] PHP Stack trace:
[19-Sep-2017 01:06:55 UTC] PHP   1. {main}() /home/ubuntu/workspace/jstien/hw/hw2wrong/index2.php:0
[19-Sep-2017 01:06:55 UTC] PHP   2. displayHand() /home/ubuntu/workspace/jstien/hw/hw2wrong/index2.php:64
[19-Sep-2017 01:06:55 UTC] PHP Warning:  Missing argument 2 for displayHand(), called in /home/ubuntu/workspace/jstien/hw/hw2wrong/index2.php on line 69 and defined in /home/ubuntu/workspace/jstien/hw/hw2wrong/index2.php on line 36
[19-Sep-2017 01:06:55 UTC] PHP Stack trace:
[19-Sep-2017 01:06:55 UTC] PHP   1. {main}() /home/ubuntu/workspace/jstien/hw/hw2wrong/index2.php:0
[19-Sep-2017 01:06:55 UTC] PHP   2. displayHand() /home/ubuntu/workspace/jstien/hw/hw2wrong/index2.php:69
[19-Sep-2017 01:07:19 UTC] PHP Warning:  Missing argument 2 for displayHand(), called in /home/ubuntu/workspace/jstien/hw/hw2wrong/index2.php on line 69 and defined in /home/ubuntu/workspace/jstien/hw/hw2wrong/index2.php on line 36
[19-Sep-2017 01:07:19 UTC] PHP Stack trace:
[19-Sep-2017 01:07:19 UTC] PHP   1. {main}() /home/ubuntu/workspace/jstien/hw/hw2wrong/index2.php:0
[19-Sep-2017 01:07:19 UTC] PHP   2. displayHand() /home/ubuntu/workspace/jstien/hw/hw2wrong/index2.php:69
[19-Sep-2017 01:07:48 UTC] PHP Warning:  Missing argument 2 for displayHand(), called in /home/ubuntu/workspace/jstien/hw/hw2wrong/index2.php on line 64 and defined in /home/ubuntu/workspace/jstien/hw/hw2wrong/index2.php on line 36
[19-Sep-2017 01:07:48 UTC] PHP Stack trace:
[19-Sep-2017 01:07:48 UTC] PHP   1. {main}() /home/ubuntu/workspace/jstien/hw/hw2wrong/index2.php:0
[19-Sep-2017 01:07:48 UTC] PHP   2. displayHand() /home/ubuntu/workspace/jstien/hw/hw2wrong/index2.php:64
[19-Sep-2017 01:07:48 UTC] PHP Warning:  Missing argument 2 for displayHand(), called in /home/ubuntu/workspace/jstien/hw/hw2wrong/index2.php on line 69 and defined in /home/ubuntu/workspace/jstien/hw/hw2wrong/index2.php on line 36
[19-Sep-2017 01:07:48 UTC] PHP Stack trace:
[19-Sep-2017 01:07:48 UTC] PHP   1. {main}() /home/ubuntu/workspace/jstien/hw/hw2wrong/index2.php:0
[19-Sep-2017 01:07:48 UTC] PHP   2. displayHand() /home/ubuntu/workspace/jstien/hw/hw2wrong/index2.php:69
[19-Sep-2017 01:07:51 UTC] PHP Warning:  Missing argument 2 for displayHand(), called in /home/ubuntu/workspace/jstien/hw/hw2wrong/index2.php on line 64 and defined in /home/ubuntu/workspace/jstien/hw/hw2wrong/index2.php on line 36
[19-Sep-2017 01:07:51 UTC] PHP Stack trace:
[19-Sep-2017 01:07:51 UTC] PHP   1. {main}() /home/ubuntu/workspace/jstien/hw/hw2wrong/index2.php:0
[19-Sep-2017 01:07:51 UTC] PHP   2. displayHand() /home/ubuntu/workspace/jstien/hw/hw2wrong/index2.php:64
[19-Sep-2017 01:07:51 UTC] PHP Warning:  Missing argument 2 for displayHand(), called in /home/ubuntu/workspace/jstien/hw/hw2wrong/index2.php on line 69 and defined in /home/ubuntu/workspace/jstien/hw/hw2wrong/index2.php on line 36
[19-Sep-2017 01:07:51 UTC] PHP Stack trace:
[19-Sep-2017 01:07:51 UTC] PHP   1. {main}() /home/ubuntu/workspace/jstien/hw/hw2wrong/index2.php:0
[19-Sep-2017 01:07:51 UTC] PHP   2. displayHand() /home/ubuntu/workspace/jstien/hw/hw2wrong/index2.php:69
[19-Sep-2017 01:22:31 UTC] PHP Parse error:  syntax error, unexpected '=' in /home/ubuntu/workspace/jstien/hw/hw2wrong/index2.php on line 87
[19-Sep-2017 01:22:33 UTC] PHP Parse error:  syntax error, unexpected '=' in /home/ubuntu/workspace/jstien/hw/hw2wrong/index2.php on line 87
[19-Sep-2017 01:22:58 UTC] PHP Parse error:  syntax error, unexpected '=' in /home/ubuntu/workspace/jstien/hw/hw2wrong/index2.php on line 87
[19-Sep-2017 01:35:23 UTC] PHP Warning:  Missing argument 1 for displayPoints(), called in /home/ubuntu/workspace/jstien/hw/hw2wrong/index2.php on line 96 and defined in /home/ubuntu/workspace/jstien/hw/hw2wrong/index2.php on line 71
[19-Sep-2017 01:35:23 UTC] PHP Stack trace:
[19-Sep-2017 01:35:23 UTC] PHP   1. {main}() /home/ubuntu/workspace/jstien/hw/hw2wrong/index2.php:0
[19-Sep-2017 01:35:23 UTC] PHP   2. displayPoints() /home/ubuntu/workspace/jstien/hw/hw2wrong/index2.php:96
[19-Sep-2017 01:40:19 UTC] PHP Fatal error:  Call to undefined function displaySymbol() in /home/ubuntu/workspace/jstien/hw/hw2wrong/index2.php on line 59
[19-Sep-2017 01:40:19 UTC] PHP Stack trace:
[19-Sep-2017 01:40:19 UTC] PHP   1. {main}() /home/ubuntu/workspace/jstien/hw/hw2wrong/index2.php:0
[19-Sep-2017 01:40:19 UTC] PHP   2. displayHand() /home/ubuntu/workspace/jstien/hw/hw2wrong/index2.php:69
[19-Sep-2017 01:40:21 UTC] PHP Fatal error:  Call to undefined function displaySymbol() in /home/ubuntu/workspace/jstien/hw/hw2wrong/index2.php on line 59
[19-Sep-2017 01:40:21 UTC] PHP Stack trace:
[19-Sep-2017 01:40:21 UTC] PHP   1. {main}() /home/ubuntu/workspace/jstien/hw/hw2wrong/index2.php:0
[19-Sep-2017 01:40:21 UTC] PHP   2. displayHand() /home/ubuntu/workspace/jstien/hw/hw2wrong/index2.php:69
[19-Sep-2017 01:41:33 UTC] PHP Warning:  Invalid argument supplied for foreach() in /home/ubuntu/workspace/jstien/hw/hw2wrong/index2.php on line 60
[19-Sep-2017 01:41:33 UTC] PHP Stack trace:
[19-Sep-2017 01:41:33 UTC] PHP   1. {main}() /home/ubuntu/workspace/jstien/hw/hw2wrong/index2.php:0
[19-Sep-2017 01:41:53 UTC] PHP Warning:  Invalid argument supplied for foreach() in /home/ubuntu/workspace/jstien/hw/hw2wrong/index2.php on line 60
[19-Sep-2017 01:41:53 UTC] PHP Stack trace:
[19-Sep-2017 01:41:53 UTC] PHP   1. {main}() /home/ubuntu/workspace/jstien/hw/hw2wrong/index2.php:0
[19-Sep-2017 01:41:55 UTC] PHP Warning:  Invalid argument supplied for foreach() in /home/ubuntu/workspace/jstien/hw/hw2wrong/index2.php on line 60
[19-Sep-2017 01:41:55 UTC] PHP Stack trace:
[19-Sep-2017 01:41:55 UTC] PHP   1. {main}() /home/ubuntu/workspace/jstien/hw/hw2wrong/index2.php:0
[19-Sep-2017 01:42:05 UTC] PHP Warning:  Invalid argument supplied for foreach() in /home/ubuntu/workspace/jstien/hw/hw2wrong/index2.php on line 60
[19-Sep-2017 01:42:05 UTC] PHP Stack trace:
[19-Sep-2017 01:42:05 UTC] PHP   1. {main}() /home/ubuntu/workspace/jstien/hw/hw2wrong/index2.php:0
[19-Sep-2017 02:01:13 UTC] PHP Parse error:  syntax error, unexpected ')', expecting ';' in /home/ubuntu/workspace/jstien/hw/hw2wrong/index2.php on line 45
[19-Sep-2017 02:25:00 UTC] PHP Parse error:  syntax error, unexpected '}' in /home/ubuntu/workspace/jstien/hw/hw2wrong/index2.php on line 76
