[16-Nov-2017 19:28:35 UTC] PHP Fatal error:  Uncaught exception 'PDOException' with message 'SQLSTATE[42S02]: Base table or view not found: 1146 Table 'midtermReal.q_login' doesn't exist' in /home/ubuntu/workspace/jstien/labs/lab9/checkUsernameAPI.php:12
Stack trace:
#0 /home/ubuntu/workspace/jstien/labs/lab9/checkUsernameAPI.php(12): PDOStatement->execute(Array)
#1 {main}
  thrown in /home/ubuntu/workspace/jstien/labs/lab9/checkUsernameAPI.php on line 12
[28-Nov-2017 18:37:40 UTC] PHP Warning:  Illegal string offset 'size' in /home/ubuntu/workspace/jstien/labs/lab10/index.php on line 6
[28-Nov-2017 18:37:40 UTC] PHP Stack trace:
[28-Nov-2017 18:37:40 UTC] PHP   1. {main}() /home/ubuntu/workspace/jstien/labs/lab10/index.php:0
[28-Nov-2017 18:51:40 UTC] PHP Parse error:  syntax error, unexpected '}' in /home/ubuntu/workspace/jstien/labs/lab10/index.php on line 11
[28-Nov-2017 19:23:31 UTC] PHP Parse error:  syntax error, unexpected 'else' (T_ELSE) in /home/ubuntu/workspace/jstien/labs/lab10/index.php on line 20
[28-Nov-2017 19:26:08 UTC] PHP Parse error:  syntax error, unexpected 'else' (T_ELSE) in /home/ubuntu/workspace/jstien/labs/lab10/index.php on line 19
[28-Nov-2017 19:26:10 UTC] PHP Parse error:  syntax error, unexpected 'else' (T_ELSE) in /home/ubuntu/workspace/jstien/labs/lab10/index.php on line 19
[29-Nov-2017 05:31:51 UTC] PHP Parse error:  syntax error, unexpected end of file in /home/ubuntu/workspace/jstien/labs/lab10/index.php on line 58
[29-Nov-2017 05:34:25 UTC] PHP Parse error:  syntax error, unexpected '}' in /home/ubuntu/workspace/jstien/labs/lab10/index.php on line 20
[29-Nov-2017 05:47:35 UTC] PHP Parse error:  syntax error, unexpected '(', expecting variable (T_VARIABLE) or '$' in /home/ubuntu/workspace/jstien/labs/lab10/index.php on line 7
[29-Nov-2017 06:26:42 UTC] PHP Fatal error:  Call to undefined function displayImages() in /home/ubuntu/workspace/jstien/labs/lab10/index.php on line 100
[29-Nov-2017 06:26:42 UTC] PHP Stack trace:
[29-Nov-2017 06:26:42 UTC] PHP   1. {main}() /home/ubuntu/workspace/jstien/labs/lab10/index.php:0
[29-Nov-2017 06:26:42 UTC] PHP Fatal error:  Call to undefined function displayImages() in /home/ubuntu/workspace/jstien/labs/lab10/index.php on line 100
[29-Nov-2017 06:26:42 UTC] PHP Stack trace:
[29-Nov-2017 06:26:42 UTC] PHP   1. {main}() /home/ubuntu/workspace/jstien/labs/lab10/index.php:0
[29-Nov-2017 06:26:45 UTC] PHP Fatal error:  Call to undefined function displayImages() in /home/ubuntu/workspace/jstien/labs/lab10/index.php on line 100
[29-Nov-2017 06:26:45 UTC] PHP Stack trace:
[29-Nov-2017 06:26:45 UTC] PHP   1. {main}() /home/ubuntu/workspace/jstien/labs/lab10/index.php:0
[29-Nov-2017 06:26:45 UTC] PHP Fatal error:  Call to undefined function displayImages() in /home/ubuntu/workspace/jstien/labs/lab10/index.php on line 100
[29-Nov-2017 06:26:45 UTC] PHP Stack trace:
[29-Nov-2017 06:26:45 UTC] PHP   1. {main}() /home/ubuntu/workspace/jstien/labs/lab10/index.php:0
[29-Nov-2017 06:26:47 UTC] PHP Fatal error:  Call to undefined function displayImages() in /home/ubuntu/workspace/jstien/labs/lab10/index.php on line 100
[29-Nov-2017 06:26:47 UTC] PHP Stack trace:
[29-Nov-2017 06:26:47 UTC] PHP   1. {main}() /home/ubuntu/workspace/jstien/labs/lab10/index.php:0
[29-Nov-2017 06:30:17 UTC] PHP Fatal error:  Cannot redeclare displayImages() (previously declared in /home/ubuntu/workspace/jstien/labs/lab10/index.php:37) in /home/ubuntu/workspace/jstien/labs/lab10/index.php on line 59
[29-Nov-2017 06:30:36 UTC] PHP Parse error:  syntax error, unexpected end of file in /home/ubuntu/workspace/jstien/labs/lab10/index.php on line 107
[29-Nov-2017 06:30:56 UTC] PHP Parse error:  syntax error, unexpected end of file in /home/ubuntu/workspace/jstien/labs/lab10/index.php on line 107
[29-Nov-2017 06:30:57 UTC] PHP Parse error:  syntax error, unexpected end of file in /home/ubuntu/workspace/jstien/labs/lab10/index.php on line 107
[29-Nov-2017 06:31:40 UTC] PHP Fatal error:  Cannot redeclare displayImages() (previously declared in /home/ubuntu/workspace/jstien/labs/lab10/index.php:37) in /home/ubuntu/workspace/jstien/labs/lab10/index.php on line 59
